#
# There is insufficient memory for the Java Runtime Environment to continue.
# Native memory allocation (malloc) failed to allocate 2238576 bytes for Chunk::new
# Possible reasons:
#   The system is out of physical RAM or swap space
#   In 32 bit mode, the process size limit was hit
# Possible solutions:
#   Reduce memory load on the system
#   Increase physical memory or swap space
#   Check if swap backing store is full
#   Use 64 bit Java on a 64 bit OS
#   Decrease Java heap size (-Xmx/-Xms)
#   Decrease number of Java threads
#   Decrease Java thread stack sizes (-Xss)
#   Set larger code cache with -XX:ReservedCodeCacheSize=
# This output file may be truncated or incomplete.
#
#  Out of Memory Error (allocation.cpp:390), pid=43872, tid=0x000000000000a0d8
#
# JRE version: OpenJDK Runtime Environment (8.0_152-b06) (build 1.8.0_152-release-1136-b06)
# Java VM: OpenJDK 64-Bit Server VM (25.152-b06 mixed mode windows-amd64 compressed oops)
# Failed to write core dump. Minidumps are not enabled by default on client versions of Windows
#

---------------  T H R E A D  ---------------

Current thread (0x000000001820c800):  JavaThread "C2 CompilerThread0" daemon [_thread_in_native, id=41176, stack(0x00000000189d0000,0x0000000018ad0000)]

Stack: [0x00000000189d0000,0x0000000018ad0000]
[error occurred during error reporting (printing stack bounds), id 0xc0000005]

Native frames: (J=compiled Java code, j=interpreted, Vv=VM code, C=native code)


Current CompileTask:
C2:   2212 1419   !   4       java.net.URLClassLoader$1::run (63 bytes)


---------------  P R O C E S S  ---------------

Java Threads: ( => current thread )
  0x000000001c12b800 JavaThread "Cache worker for file hash cache (D:\Project\New folder\.gradle\4.6\fileHashes)" [_thread_blocked, id=37512, stack(0x000000001ccf0000,0x000000001cdf0000)]
  0x000000001a25e000 JavaThread "File lock request listener" [_thread_in_native, id=32664, stack(0x000000001bc20000,0x000000001bd20000)]
  0x000000001a595800 JavaThread "Cache worker for file hash cache (C:\Users\jeva\.gradle\caches\4.6\fileHashes)" [_thread_blocked, id=21720, stack(0x000000001bb20000,0x000000001bc20000)]
  0x000000001a310000 JavaThread "Stdin handler" [_thread_blocked, id=42572, stack(0x000000001b820000,0x000000001b920000)]
  0x000000001a0b6800 JavaThread "Asynchronous log dispatcher for DefaultDaemonConnection: socket connection from /127.0.0.1:50499 to /127.0.0.1:50500" [_thread_blocked, id=17784, stack(0x000000001b620000,0x000000001b720000)]
  0x000000001a0b2800 JavaThread "Daemon worker" [_thread_in_native, id=31408, stack(0x000000001b520000,0x000000001b620000)]
  0x000000001a0b1800 JavaThread "Cancel handler" [_thread_blocked, id=11780, stack(0x000000001b420000,0x000000001b520000)]
  0x000000001a098000 JavaThread "Handler for socket connection from /127.0.0.1:50499 to /127.0.0.1:50500" [_thread_in_native, id=35160, stack(0x000000001b120000,0x000000001b220000)]
  0x000000001a3ae800 JavaThread "Daemon" [_thread_blocked, id=39412, stack(0x000000001b020000,0x000000001b120000)]
  0x000000001a1c4800 JavaThread "Daemon periodic checks" [_thread_blocked, id=14172, stack(0x000000001af20000,0x000000001b020000)]
  0x000000001a1c2000 JavaThread "Incoming local TCP Connector on port 50499" [_thread_in_native, id=19840, stack(0x000000001ace0000,0x000000001ade0000)]
  0x0000000018239000 JavaThread "Service Thread" daemon [_thread_blocked, id=2572, stack(0x0000000018dd0000,0x0000000018ed0000)]
  0x0000000018222000 JavaThread "C1 CompilerThread3" daemon [_thread_in_native, id=20464, stack(0x0000000018cd0000,0x0000000018dd0000)]
  0x0000000018215800 JavaThread "C2 CompilerThread2" daemon [_thread_in_native, id=19328, stack(0x0000000018bd0000,0x0000000018cd0000)]
  0x0000000018214000 JavaThread "C2 CompilerThread1" daemon [_thread_in_native, id=32668, stack(0x0000000018ad0000,0x0000000018bd0000)]
=>0x000000001820c800 JavaThread "C2 CompilerThread0" daemon [_thread_in_native, id=41176, stack(0x00000000189d0000,0x0000000018ad0000)]
  0x000000001820b800 JavaThread "Attach Listener" daemon [_thread_blocked, id=42768, stack(0x00000000188d0000,0x00000000189d0000)]
  0x000000001820a800 JavaThread "Signal Dispatcher" daemon [_thread_blocked, id=42288, stack(0x00000000187d0000,0x00000000188d0000)]
  0x0000000018200800 JavaThread "Finalizer" daemon [_thread_blocked, id=19856, stack(0x00000000185e0000,0x00000000186e0000)]
  0x00000000162fb800 JavaThread "Reference Handler" daemon [_thread_blocked, id=32044, stack(0x00000000180e0000,0x00000000181e0000)]
  0x000000000243d800 JavaThread "main" [_thread_blocked, id=41592, stack(0x00000000022d0000,0x00000000023d0000)]

Other Threads:
  0x00000000162f7000 VMThread [stack: 0x0000000017fe0000,0x00000000180e0000] [id=31688]
  0x0000000018239800 WatcherThread [stack: 0x0000000018ed0000,0x0000000018fd0000] [id=41748]

VM state:not at safepoint (normal execution)

VM Mutex/Monitor currently owned by a thread: None

Heap:
 PSYoungGen      total 38400K, used 37752K [0x00000000e0000000, 0x00000000e4b00000, 0x0000000100000000)
  eden space 33280K, 98% used [0x00000000e0000000,0x00000000e1fe2138,0x00000000e2080000)
  from space 5120K, 99% used [0x00000000e2080000,0x00000000e257c030,0x00000000e2580000)
  to   space 5120K, 0% used [0x00000000e4600000,0x00000000e4600000,0x00000000e4b00000)
 ParOldGen       total 87552K, used 2400K [0x00000000a0000000, 0x00000000a5580000, 0x00000000e0000000)
  object space 87552K, 2% used [0x00000000a0000000,0x00000000a0258120,0x00000000a5580000)
 Metaspace       used 17326K, capacity 17728K, committed 17792K, reserved 1064960K
  class space    used 2509K, capacity 2652K, committed 2688K, reserved 1048576K

Card table byte_map: [0x0000000011900000,0x0000000011c10000] byte_map_base: 0x0000000011400000

Marking Bits: (ParMarkBitMap*) 0x0000000076fa5aa0
 Begin Bits: [0x0000000012610000, 0x0000000013e10000)
 End Bits:   [0x0000000013e10000, 0x0000000015610000)

Polling page: 0x0000000000470000

CodeCache: size=245760Kb used=5231Kb max_used=5246Kb free=240528Kb
 bounds [0x0000000002540000, 0x0000000002a70000, 0x0000000011540000]
 total_blobs=1897 nmethods=1511 adapters=299
 compilation: enabled

Compilation events (10 events):
Event: 2.165 Thread 0x0000000018222000 1504       3       java.util.concurrent.locks.AbstractQueuedSynchronizer::setState (6 bytes)
Event: 2.166 Thread 0x0000000018222000 nmethod 1504 0x0000000002a41dd0 code [0x0000000002a41f20, 0x0000000002a42070]
Event: 2.166 Thread 0x0000000018222000 1505       3       sun.nio.fs.WindowsPathParser::isInvalidPathChar (22 bytes)
Event: 2.166 Thread 0x0000000018222000 nmethod 1505 0x0000000002a41810 code [0x0000000002a41980, 0x0000000002a41ce8]
Event: 2.166 Thread 0x0000000018222000 1506       3       java.lang.Thread::interrupted (8 bytes)
Event: 2.166 Thread 0x0000000018222000 nmethod 1506 0x0000000002a45450 code [0x0000000002a455c0, 0x0000000002a45748]
Event: 2.167 Thread 0x0000000018215800 nmethod 1503 0x0000000002a48810 code [0x0000000002a48960, 0x0000000002a48d88]
Event: 2.179 Thread 0x0000000018215800 1507   !   4       java.lang.ClassLoader::loadClass (122 bytes)
Event: 2.195 Thread 0x0000000018215800 nmethod 1507 0x0000000002a4b650 code [0x0000000002a4b840, 0x0000000002a4c868]
Event: 2.195 Thread 0x0000000018215800 1508       4       java.lang.ClassLoader::findLoadedClass (16 bytes)

GC Heap History (6 events):
Event: 0.699 GC heap before
{Heap before GC invocations=1 (full 0):
 PSYoungGen      total 38400K, used 33280K [0x00000000e0000000, 0x00000000e2a80000, 0x0000000100000000)
  eden space 33280K, 100% used [0x00000000e0000000,0x00000000e2080000,0x00000000e2080000)
  from space 5120K, 0% used [0x00000000e2580000,0x00000000e2580000,0x00000000e2a80000)
  to   space 5120K, 0% used [0x00000000e2080000,0x00000000e2080000,0x00000000e2580000)
 ParOldGen       total 87552K, used 0K [0x00000000a0000000, 0x00000000a5580000, 0x00000000e0000000)
  object space 87552K, 0% used [0x00000000a0000000,0x00000000a0000000,0x00000000a5580000)
 Metaspace       used 6950K, capacity 7050K, committed 7168K, reserved 1056768K
  class space    used 845K, capacity 907K, committed 1024K, reserved 1048576K
Event: 0.704 GC heap after
Heap after GC invocations=1 (full 0):
 PSYoungGen      total 38400K, used 4322K [0x00000000e0000000, 0x00000000e2a80000, 0x0000000100000000)
  eden space 33280K, 0% used [0x00000000e0000000,0x00000000e0000000,0x00000000e2080000)
  from space 5120K, 84% used [0x00000000e2080000,0x00000000e24b89e0,0x00000000e2580000)
  to   space 5120K, 0% used [0x00000000e2580000,0x00000000e2580000,0x00000000e2a80000)
 ParOldGen       total 87552K, used 8K [0x00000000a0000000, 0x00000000a5580000, 0x00000000e0000000)
  object space 87552K, 0% used [0x00000000a0000000,0x00000000a0002000,0x00000000a5580000)
 Metaspace       used 6950K, capacity 7050K, committed 7168K, reserved 1056768K
  class space    used 845K, capacity 907K, committed 1024K, reserved 1048576K
}
Event: 1.456 GC heap before
{Heap before GC invocations=2 (full 0):
 PSYoungGen      total 38400K, used 37602K [0x00000000e0000000, 0x00000000e2a80000, 0x0000000100000000)
  eden space 33280K, 100% used [0x00000000e0000000,0x00000000e2080000,0x00000000e2080000)
  from space 5120K, 84% used [0x00000000e2080000,0x00000000e24b89e0,0x00000000e2580000)
  to   space 5120K, 0% used [0x00000000e2580000,0x00000000e2580000,0x00000000e2a80000)
 ParOldGen       total 87552K, used 8K [0x00000000a0000000, 0x00000000a5580000, 0x00000000e0000000)
  object space 87552K, 0% used [0x00000000a0000000,0x00000000a0002000,0x00000000a5580000)
 Metaspace       used 10870K, capacity 11076K, committed 11264K, reserved 1058816K
  class space    used 1429K, capacity 1518K, committed 1536K, reserved 1048576K
Event: 1.462 GC heap after
Heap after GC invocations=2 (full 0):
 PSYoungGen      total 38400K, used 5100K [0x00000000e0000000, 0x00000000e2a80000, 0x0000000100000000)
  eden space 33280K, 0% used [0x00000000e0000000,0x00000000e0000000,0x00000000e2080000)
  from space 5120K, 99% used [0x00000000e2580000,0x00000000e2a7b1e8,0x00000000e2a80000)
  to   space 5120K, 0% used [0x00000000e2080000,0x00000000e2080000,0x00000000e2580000)
 ParOldGen       total 87552K, used 348K [0x00000000a0000000, 0x00000000a5580000, 0x00000000e0000000)
  object space 87552K, 0% used [0x00000000a0000000,0x00000000a0057278,0x00000000a5580000)
 Metaspace       used 10870K, capacity 11076K, committed 11264K, reserved 1058816K
  class space    used 1429K, capacity 1518K, committed 1536K, reserved 1048576K
}
Event: 1.735 GC heap before
{Heap before GC invocations=3 (full 0):
 PSYoungGen      total 38400K, used 38380K [0x00000000e0000000, 0x00000000e2a80000, 0x0000000100000000)
  eden space 33280K, 100% used [0x00000000e0000000,0x00000000e2080000,0x00000000e2080000)
  from space 5120K, 99% used [0x00000000e2580000,0x00000000e2a7b1e8,0x00000000e2a80000)
  to   space 5120K, 0% used [0x00000000e2080000,0x00000000e2080000,0x00000000e2580000)
 ParOldGen       total 87552K, used 348K [0x00000000a0000000, 0x00000000a5580000, 0x00000000e0000000)
  object space 87552K, 0% used [0x00000000a0000000,0x00000000a0057278,0x00000000a5580000)
 Metaspace       used 14171K, capacity 14520K, committed 14720K, reserved 1062912K
  class space    used 1987K, capacity 2124K, committed 2176K, reserved 1048576K
Event: 1.742 GC heap after
Heap after GC invocations=3 (full 0):
 PSYoungGen      total 38400K, used 5104K [0x00000000e0000000, 0x00000000e4b00000, 0x0000000100000000)
  eden space 33280K, 0% used [0x00000000e0000000,0x00000000e0000000,0x00000000e2080000)
  from space 5120K, 99% used [0x00000000e2080000,0x00000000e257c030,0x00000000e2580000)
  to   space 5120K, 0% used [0x00000000e4600000,0x00000000e4600000,0x00000000e4b00000)
 ParOldGen       total 87552K, used 2400K [0x00000000a0000000, 0x00000000a5580000, 0x00000000e0000000)
  object space 87552K, 2% used [0x00000000a0000000,0x00000000a0258120,0x00000000a5580000)
 Metaspace       used 14171K, capacity 14520K, committed 14720K, reserved 1062912K
  class space    used 1987K, capacity 2124K, committed 2176K, reserved 1048576K
}

Deoptimization events (10 events):
Event: 1.671 Thread 0x000000001a0b2800 Uncommon trap: reason=class_check action=maybe_recompile pc=0x00000000027dca84 method=java.util.regex.Matcher.match(II)Z @ 86
Event: 1.711 Thread 0x000000001a0b2800 Uncommon trap: reason=class_check action=maybe_recompile pc=0x00000000027bd35c method=java.util.regex.Matcher.match(II)Z @ 86
Event: 1.755 Thread 0x000000001a0b2800 Uncommon trap: reason=unstable_if action=reinterpret pc=0x00000000029a00f4 method=java.lang.String.lastIndexOf([CII[CIII)I @ 66
Event: 1.799 Thread 0x000000001a0b2800 Uncommon trap: reason=unstable_if action=reinterpret pc=0x0000000002695088 method=java.net.URI.match(CJJ)Z @ 19
Event: 1.799 Thread 0x000000001a0b2800 Uncommon trap: reason=unstable_if action=reinterpret pc=0x00000000027ece00 method=java.net.URI.match(CJJ)Z @ 19
Event: 2.014 Thread 0x000000001a0b2800 Uncommon trap: reason=unstable_if action=reinterpret pc=0x00000000027e0898 method=java.io.File.getName()Ljava/lang/String; @ 16
Event: 2.168 Thread 0x000000001a0b2800 Uncommon trap: reason=bimorphic action=maybe_recompile pc=0x00000000029b6f44 method=java.lang.ClassLoader.loadClass(Ljava/lang/String;Z)Ljava/lang/Class; @ 38
Event: 2.175 Thread 0x000000001a0b2800 Uncommon trap: reason=bimorphic action=maybe_recompile pc=0x00000000029b6f44 method=java.lang.ClassLoader.loadClass(Ljava/lang/String;Z)Ljava/lang/Class; @ 38
Event: 2.176 Thread 0x000000001a0b2800 Uncommon trap: reason=bimorphic action=maybe_recompile pc=0x00000000029b6f44 method=java.lang.ClassLoader.loadClass(Ljava/lang/String;Z)Ljava/lang/Class; @ 38
Event: 2.176 Thread 0x000000001a0b2800 Uncommon trap: reason=bimorphic action=maybe_recompile pc=0x00000000029b6f44 method=java.lang.ClassLoader.loadClass(Ljava/lang/String;Z)Ljava/lang/Class; @ 38

Classes redefined (0 events):
No events

Internal exceptions (10 events):
Event: 1.518 Thread 0x000000001a098000 Exception <a 'java/lang/NoSuchMethodError': <clinit>> (0x00000000e032bc88) thrown at [D:\src\AOSP-openjdk-cygwin\jdk8u\hotspot\src\share\vm\prims\jni.cpp, line 1613]
Event: 1.519 Thread 0x000000001a098000 Exception <a 'java/lang/NoSuchMethodError': <clinit>> (0x00000000e0337538) thrown at [D:\src\AOSP-openjdk-cygwin\jdk8u\hotspot\src\share\vm\prims\jni.cpp, line 1613]
Event: 1.521 Thread 0x000000001a098000 Exception <a 'java/lang/NoSuchMethodError': <clinit>> (0x00000000e035cb58) thrown at [D:\src\AOSP-openjdk-cygwin\jdk8u\hotspot\src\share\vm\prims\jni.cpp, line 1613]
Event: 1.535 Thread 0x000000001a0b2800 Exception <a 'java/lang/NoSuchMethodError': <clinit>> (0x00000000e04c17b0) thrown at [D:\src\AOSP-openjdk-cygwin\jdk8u\hotspot\src\share\vm\prims\jni.cpp, line 1613]
Event: 1.536 Thread 0x000000001a0b2800 Exception <a 'java/lang/NoSuchMethodError': <clinit>> (0x00000000e04c9a38) thrown at [D:\src\AOSP-openjdk-cygwin\jdk8u\hotspot\src\share\vm\prims\jni.cpp, line 1613]
Event: 2.029 Thread 0x000000001a0b2800 Exception <a 'java/lang/NoSuchMethodError': <clinit>> (0x00000000e1a2bec8) thrown at [D:\src\AOSP-openjdk-cygwin\jdk8u\hotspot\src\share\vm\prims\jni.cpp, line 1613]
Event: 2.029 Thread 0x000000001a0b2800 Exception <a 'java/lang/NoSuchMethodError': <clinit>> (0x00000000e1a2e868) thrown at [D:\src\AOSP-openjdk-cygwin\jdk8u\hotspot\src\share\vm\prims\jni.cpp, line 1613]
Event: 2.029 Thread 0x000000001a0b2800 Exception <a 'java/lang/NoSuchMethodError': <clinit>> (0x00000000e1a3bea0) thrown at [D:\src\AOSP-openjdk-cygwin\jdk8u\hotspot\src\share\vm\prims\jni.cpp, line 1613]
Event: 2.030 Thread 0x000000001a0b2800 Exception <a 'java/lang/NoSuchMethodError': <clinit>> (0x00000000e1a47620) thrown at [D:\src\AOSP-openjdk-cygwin\jdk8u\hotspot\src\share\vm\prims\jni.cpp, line 1613]
Event: 2.181 Thread 0x000000001a0b2800 Exception <a 'java/lang/NoSuchMethodError': <clinit>> (0x00000000e1ea73d8) thrown at [D:\src\AOSP-openjdk-cygwin\jdk8u\hotspot\src\share\vm\prims\jni.cpp, line 1613]

Events (10 events):
Event: 2.180 loading class org/gradle/tooling/BuildAction
Event: 2.180 loading class org/gradle/tooling/BuildAction done
Event: 2.180 loading class org/gradle/tooling/internal/consumer/versioning/VersionDetails
Event: 2.180 loading class org/gradle/tooling/internal/consumer/versioning/VersionDetails done
Event: 2.181 loading class org/gradle/tooling/internal/protocol/InternalBuildController
Event: 2.181 loading class org/gradle/tooling/internal/protocol/InternalBuildController done
Event: 2.181 loading class org/gradle/tooling/internal/protocol/InternalBuildControllerVersion2
Event: 2.181 loading class org/gradle/tooling/internal/protocol/InternalBuildControllerVersion2 done
Event: 2.182 loading class com/android/tools/idea/gradle/run/OutputBuildAction
Event: 2.182 loading class com/android/tools/idea/gradle/run/OutputBuildAction done


Dynamic libraries:
0x00007ff6762c0000 - 0x00007ff6762f1000 	D:\Android Studio\jre\bin\java.exe
0x00007ff925bf0000 - 0x00007ff925dd1000 	C:\WINDOWS\SYSTEM32\ntdll.dll
0x00007ff9232f0000 - 0x00007ff9233a2000 	C:\WINDOWS\System32\KERNEL32.DLL
0x00007ff921fc0000 - 0x00007ff922233000 	C:\WINDOWS\System32\KERNELBASE.dll
0x00007ff923240000 - 0x00007ff9232e1000 	C:\WINDOWS\System32\ADVAPI32.dll
0x00007ff925750000 - 0x00007ff9257ee000 	C:\WINDOWS\System32\msvcrt.dll
0x00007ff9234b0000 - 0x00007ff92350b000 	C:\WINDOWS\System32\sechost.dll
0x00007ff925620000 - 0x00007ff925744000 	C:\WINDOWS\System32\RPCRT4.dll
0x00007ff9249e0000 - 0x00007ff924b70000 	C:\WINDOWS\System32\USER32.dll
0x00007ff922b20000 - 0x00007ff922b40000 	C:\WINDOWS\System32\win32u.dll
0x00007ff9257f0000 - 0x00007ff925818000 	C:\WINDOWS\System32\GDI32.dll
0x00007ff922ee0000 - 0x00007ff923072000 	C:\WINDOWS\System32\gdi32full.dll
0x00007ff922e40000 - 0x00007ff922edf000 	C:\WINDOWS\System32\msvcp_win.dll
0x00007ff922a20000 - 0x00007ff922b1a000 	C:\WINDOWS\System32\ucrtbase.dll
0x00007ff914a40000 - 0x00007ff914ca9000 	C:\WINDOWS\WinSxS\amd64_microsoft.windows.common-controls_6595b64144ccf1df_6.0.17134.345_none_fb429a5930656358\COMCTL32.dll
0x00007ff924d20000 - 0x00007ff925043000 	C:\WINDOWS\System32\combase.dll
0x00007ff922950000 - 0x00007ff9229ca000 	C:\WINDOWS\System32\bcryptPrimitives.dll
0x00007ff924cf0000 - 0x00007ff924d1d000 	C:\WINDOWS\System32\IMM32.DLL
0x0000000077c40000 - 0x0000000077d12000 	D:\Android Studio\jre\jre\bin\msvcr100.dll
0x00000000767e0000 - 0x0000000077021000 	D:\Android Studio\jre\jre\bin\server\jvm.dll
0x00007ff923590000 - 0x00007ff923598000 	C:\WINDOWS\System32\PSAPI.DLL
0x00007ff91c400000 - 0x00007ff91c423000 	C:\WINDOWS\SYSTEM32\WINMM.dll
0x00007ff91c6a0000 - 0x00007ff91c6aa000 	C:\WINDOWS\SYSTEM32\VERSION.dll
0x00007ff8fe0b0000 - 0x00007ff8fe0b9000 	C:\WINDOWS\SYSTEM32\WSOCK32.dll
0x00007ff925070000 - 0x00007ff9250dc000 	C:\WINDOWS\System32\WS2_32.dll
0x00007ff91c3d0000 - 0x00007ff91c3fa000 	C:\WINDOWS\SYSTEM32\WINMMBASE.dll
0x00007ff9229d0000 - 0x00007ff922a19000 	C:\WINDOWS\System32\cfgmgr32.dll
0x00007ff91c440000 - 0x00007ff91c44f000 	D:\Android Studio\jre\jre\bin\verify.dll
0x00007ff910b10000 - 0x00007ff910b39000 	D:\Android Studio\jre\jre\bin\java.dll
0x00007ff910b90000 - 0x00007ff910ba6000 	D:\Android Studio\jre\jre\bin\zip.dll
0x00007ff9235a0000 - 0x00007ff9249df000 	C:\WINDOWS\System32\SHELL32.dll
0x00007ff925a90000 - 0x00007ff925b39000 	C:\WINDOWS\System32\shcore.dll
0x00007ff922240000 - 0x00007ff92294d000 	C:\WINDOWS\System32\windows.storage.dll
0x00007ff9233b0000 - 0x00007ff923401000 	C:\WINDOWS\System32\shlwapi.dll
0x00007ff921fa0000 - 0x00007ff921fb1000 	C:\WINDOWS\System32\kernel.appcore.dll
0x00007ff921f30000 - 0x00007ff921f4f000 	C:\WINDOWS\System32\profapi.dll
0x00007ff921f50000 - 0x00007ff921f9c000 	C:\WINDOWS\System32\powrprof.dll
0x00007ff921f00000 - 0x00007ff921f0a000 	C:\WINDOWS\System32\FLTLIB.DLL
0x00007ff90e370000 - 0x00007ff90e38a000 	D:\Android Studio\jre\jre\bin\net.dll
0x00007ff921780000 - 0x00007ff9217e6000 	C:\WINDOWS\system32\mswsock.dll
0x00007ff90e310000 - 0x00007ff90e321000 	D:\Android Studio\jre\jre\bin\nio.dll
0x00007ff9109f0000 - 0x00007ff910a0e000 	C:\Users\jeva\.gradle\native\25\windows-amd64\native-platform.dll
0x00007ff917a20000 - 0x00007ff917a2d000 	D:\Android Studio\jre\jre\bin\management.dll
0x00007ff921930000 - 0x00007ff921947000 	C:\WINDOWS\SYSTEM32\CRYPTSP.dll
0x00007ff921360000 - 0x00007ff921393000 	C:\WINDOWS\system32\rsaenh.dll
0x00007ff921a60000 - 0x00007ff921a85000 	C:\WINDOWS\SYSTEM32\bcrypt.dll
0x00007ff921e00000 - 0x00007ff921e28000 	C:\WINDOWS\SYSTEM32\USERENV.dll
0x00007ff921950000 - 0x00007ff92195b000 	C:\WINDOWS\SYSTEM32\CRYPTBASE.dll
0x00007ff921500000 - 0x00007ff921538000 	C:\WINDOWS\SYSTEM32\IPHLPAPI.DLL
0x00007ff925050000 - 0x00007ff925058000 	C:\WINDOWS\System32\NSI.dll
0x00007ff91c530000 - 0x00007ff91c546000 	C:\WINDOWS\SYSTEM32\dhcpcsvc6.DLL
0x00007ff91cc70000 - 0x00007ff91cc8a000 	C:\WINDOWS\SYSTEM32\dhcpcsvc.DLL

VM Arguments:
jvm_args: -Xmx1536m -Dfile.encoding=windows-1252 -Duser.country=ID -Duser.language=en -Duser.variant 
java_command: org.gradle.launcher.daemon.bootstrap.GradleDaemon 4.6
java_class_path (initial): C:\Users\jeva\.gradle\wrapper\dists\gradle-4.6-all\bcst21l2brirad8k2ben1letg\gradle-4.6\lib\gradle-launcher-4.6.jar
Launcher Type: SUN_STANDARD

Environment Variables:
JAVA_HOME=C:\Program Files\Java\jdk1.8.0_60
PATH=C:\Program Files (x86)\Intel\iCLS Client\;C:\Program Files\Intel\iCLS Client\;C:\Windows\system32;C:\Windows;C:\Windows\System32\Wbem;C:\Windows\System32\WindowsPowerShell\v1.0\;C:\Program Files (x86)\Intel\Intel(R) Management Engine Components\DAL;C:\Program Files\Intel\Intel(R) Management Engine Components\DAL;C:\Program Files (x86)\Intel\Intel(R) Management Engine Components\IPT;C:\Program Files\Intel\Intel(R) Management Engine Components\IPT;C:\Program Files\Intel\WiFi\bin\;C:\Program Files\Common Files\Intel\WirelessCommon\;C:\Program Files (x86)\NVIDIA Corporation\PhysX\Common;C:\WINDOWS\system32;C:\WINDOWS;C:\WINDOWS\System32\Wbem;C:\WINDOWS\System32\WindowsPowerShell\v1.0\;C:\WINDOWS\System32\OpenSSH\;C:\Program Files\IBM\SPSS\Statistics\Subscription\JRE\bin;C:\Program Files\IBM\SPSS\Statistics\25\JRE\bin;D:\Git\cmd;C:\Program Files\TortoiseSVN\bin;C:\Program Files (x86)\GtkSharp\2.12\bin;C:\Users\jeva\AppData\Local\Microsoft\WindowsApps;C:\Program Files\Intel\WiFi\bin\;C:\Program Files\Common Files\Intel\WirelessCommon\;
USERNAME=jeva
OS=Windows_NT
PROCESSOR_IDENTIFIER=Intel64 Family 6 Model 158 Stepping 9, GenuineIntel



---------------  S Y S T E M  ---------------

OS: Windows 10.0 , 64 bit Build 17134 (10.0.17134.1)

CPU:total 8 (initial active 8) (4 cores per cpu, 2 threads per core) family 6 model 158 stepping 9, cmov, cx8, fxsr, mmx, sse, sse2, sse3, ssse3, sse4.1, sse4.2, popcnt, avx, avx2, aes, clmul, erms, 3dnowpref, lzcnt, ht, tsc, tscinvbit, bmi1, bmi2, adx

Memory: 4k page, physical 8304236k(796548k free), swap 23831568k(9628k free)

vm_info: OpenJDK 64-Bit Server VM (25.152-b06) for windows-amd64 JRE (1.8.0_152-release-1136-b06), built by "builder" with MS VC++ 10.0 (VS2010)

time: Tue Nov 13 22:29:21 2018
elapsed time: 2 seconds (0d 0h 0m 2s)

