#
# There is insufficient memory for the Java Runtime Environment to continue.
# Native memory allocation (malloc) failed to allocate 32744 bytes for ChunkPool::allocate
# Possible reasons:
#   The system is out of physical RAM or swap space
#   In 32 bit mode, the process size limit was hit
# Possible solutions:
#   Reduce memory load on the system
#   Increase physical memory or swap space
#   Check if swap backing store is full
#   Use 64 bit Java on a 64 bit OS
#   Decrease Java heap size (-Xmx/-Xms)
#   Decrease number of Java threads
#   Decrease Java thread stack sizes (-Xss)
#   Set larger code cache with -XX:ReservedCodeCacheSize=
# This output file may be truncated or incomplete.
#
#  Out of Memory Error (allocation.cpp:273), pid=35192, tid=0x0000000000009dcc
#
# JRE version: OpenJDK Runtime Environment (8.0_152-b06) (build 1.8.0_152-release-1136-b06)
# Java VM: OpenJDK 64-Bit Server VM (25.152-b06 mixed mode windows-amd64 compressed oops)
# Failed to write core dump. Minidumps are not enabled by default on client versions of Windows
#

---------------  T H R E A D  ---------------

Current thread (0x0000000016abb800):  JavaThread "C2 CompilerThread2" daemon [_thread_in_native, id=40396, stack(0x0000000019380000,0x0000000019480000)]

Stack: [0x0000000019380000,0x0000000019480000]
[error occurred during error reporting (printing stack bounds), id 0xc0000005]

Native frames: (J=compiled Java code, j=interpreted, Vv=VM code, C=native code)


Current CompileTask:
C2:   2240 1397   !   4       java.net.URLClassLoader$1::run (63 bytes)


---------------  P R O C E S S  ---------------

Java Threads: ( => current thread )
  0x000000001c5e4000 JavaThread "Cache worker for file hash cache (D:\Project\New folder\.gradle\4.6\fileHashes)" [_thread_blocked, id=36932, stack(0x000000001d4a0000,0x000000001d5a0000)]
  0x000000001ad4b800 JavaThread "File lock request listener" [_thread_in_native, id=25888, stack(0x000000001c3d0000,0x000000001c4d0000)]
  0x000000001a86c800 JavaThread "Cache worker for file hash cache (C:\Users\jeva\.gradle\caches\4.6\fileHashes)" [_thread_blocked, id=29720, stack(0x000000001c2d0000,0x000000001c3d0000)]
  0x000000001aa81000 JavaThread "Stdin handler" [_thread_blocked, id=28776, stack(0x000000001bfd0000,0x000000001c0d0000)]
  0x000000001a853000 JavaThread "Asynchronous log dispatcher for DefaultDaemonConnection: socket connection from /127.0.0.1:50752 to /127.0.0.1:50753" [_thread_blocked, id=31436, stack(0x000000001bdd0000,0x000000001bed0000)]
  0x000000001a866800 JavaThread "Daemon worker" [_thread_blocked, id=31936, stack(0x000000001bcd0000,0x000000001bdd0000)]
  0x000000001aa5b000 JavaThread "Cancel handler" [_thread_blocked, id=42256, stack(0x000000001bbd0000,0x000000001bcd0000)]
  0x000000001a839800 JavaThread "Handler for socket connection from /127.0.0.1:50752 to /127.0.0.1:50753" [_thread_in_native, id=26184, stack(0x000000001b8d0000,0x000000001b9d0000)]
  0x000000001a834800 JavaThread "Daemon" [_thread_blocked, id=16128, stack(0x000000001b7d0000,0x000000001b8d0000)]
  0x000000001a7c1000 JavaThread "Daemon periodic checks" [_thread_blocked, id=6608, stack(0x000000001b6d0000,0x000000001b7d0000)]
  0x000000001a763000 JavaThread "Incoming local TCP Connector on port 50752" [_thread_in_native, id=7092, stack(0x000000001b490000,0x000000001b590000)]
  0x0000000018a5b800 JavaThread "Service Thread" daemon [_thread_blocked, id=32312, stack(0x0000000019580000,0x0000000019680000)]
  0x0000000016abe000 JavaThread "C1 CompilerThread3" daemon [_thread_blocked, id=39620, stack(0x0000000019480000,0x0000000019580000)]
=>0x0000000016abb800 JavaThread "C2 CompilerThread2" daemon [_thread_in_native, id=40396, stack(0x0000000019380000,0x0000000019480000)]
  0x00000000189c6800 JavaThread "C2 CompilerThread1" daemon [_thread_in_native, id=20212, stack(0x0000000019280000,0x0000000019380000)]
  0x00000000189c1000 JavaThread "C2 CompilerThread0" daemon [_thread_blocked, id=17176, stack(0x0000000019180000,0x0000000019280000)]
  0x00000000189bc000 JavaThread "Attach Listener" daemon [_thread_blocked, id=41220, stack(0x0000000019080000,0x0000000019180000)]
  0x00000000189bb000 JavaThread "Signal Dispatcher" daemon [_thread_blocked, id=21568, stack(0x0000000018f80000,0x0000000019080000)]
  0x00000000189b1800 JavaThread "Finalizer" daemon [_thread_blocked, id=37212, stack(0x0000000018d90000,0x0000000018e90000)]
  0x0000000016aab000 JavaThread "Reference Handler" daemon [_thread_blocked, id=888, stack(0x0000000018890000,0x0000000018990000)]
  0x0000000002bed800 JavaThread "main" [_thread_blocked, id=17612, stack(0x00000000029f0000,0x0000000002af0000)]

Other Threads:
  0x0000000016aa7000 VMThread [stack: 0x0000000018790000,0x0000000018890000] [id=24300]
  0x0000000018a5c000 WatcherThread [stack: 0x0000000019680000,0x0000000019780000] [id=10728]

VM state:at safepoint (normal execution)

VM Mutex/Monitor currently owned by a thread:  ([mutex/lock_event])
[0x0000000002bed430] Threads_lock - owner thread: 0x0000000016aa7000
[0x0000000002becc30] Heap_lock - owner thread: 0x000000001a866800

Heap:
 PSYoungGen      total 71680K, used 5092K [0x00000000e0000000, 0x00000000e4b00000, 0x0000000100000000)
  eden space 66560K, 0% used [0x00000000e0000000,0x00000000e0000000,0x00000000e4100000)
  from space 5120K, 99% used [0x00000000e4100000,0x00000000e45f9078,0x00000000e4600000)
  to   space 5120K, 0% used [0x00000000e4600000,0x00000000e4600000,0x00000000e4b00000)
 ParOldGen       total 87552K, used 6856K [0x00000000a0000000, 0x00000000a5580000, 0x00000000e0000000)
  object space 87552K, 7% used [0x00000000a0000000,0x00000000a06b2270,0x00000000a5580000)
 Metaspace       used 18193K, capacity 18476K, committed 18688K, reserved 1069056K
  class space    used 2597K, capacity 2698K, committed 2816K, reserved 1048576K

Card table byte_map: [0x00000000120b0000,0x00000000123c0000] byte_map_base: 0x0000000011bb0000

Marking Bits: (ParMarkBitMap*) 0x0000000076fa5aa0
 Begin Bits: [0x0000000012dc0000, 0x00000000145c0000)
 End Bits:   [0x00000000145c0000, 0x0000000015dc0000)

Polling page: 0x0000000001220000

CodeCache: size=245760Kb used=5272Kb max_used=5273Kb free=240487Kb
 bounds [0x0000000002cf0000, 0x0000000003220000, 0x0000000011cf0000]
 total_blobs=1941 nmethods=1564 adapters=290
 compilation: enabled

Compilation events (10 events):
Event: 2.203 Thread 0x0000000016abe000 nmethod 1542 0x00000000032077d0 code [0x0000000003207920, 0x0000000003207a30]
Event: 2.203 Thread 0x0000000016abe000 1544       3       org.codehaus.groovy.reflection.ReflectionCache::getCachedClass (14 bytes)
Event: 2.204 Thread 0x0000000016abe000 nmethod 1544 0x0000000003207a90 code [0x0000000003207c80, 0x00000000032087e8]
Event: 2.204 Thread 0x0000000016abe000 1546       3       groovy.lang.MetaMethod::<init> (5 bytes)
Event: 2.204 Thread 0x0000000016abe000 nmethod 1546 0x0000000003208e50 code [0x0000000003208fc0, 0x00000000032091d0]
Event: 2.204 Thread 0x0000000016abe000 1547       3       org.codehaus.groovy.reflection.ParameterTypes::<init> (5 bytes)
Event: 2.204 Thread 0x0000000016abe000 nmethod 1547 0x00000000032092d0 code [0x0000000003209420, 0x00000000032095d0]
Event: 2.204 Thread 0x0000000016abe000 1548       3       org.codehaus.groovy.util.ManagedConcurrentMap$Entry::isEqual (22 bytes)
Event: 2.204 Thread 0x0000000016abe000 nmethod 1548 0x0000000003209690 code [0x0000000003209800, 0x0000000003209b88]
Event: 2.204 Thread 0x0000000016abe000 1549       3       java.lang.Class$MethodArray::add (72 bytes)

GC Heap History (8 events):
Event: 0.702 GC heap before
{Heap before GC invocations=1 (full 0):
 PSYoungGen      total 38400K, used 33280K [0x00000000e0000000, 0x00000000e2a80000, 0x0000000100000000)
  eden space 33280K, 100% used [0x00000000e0000000,0x00000000e2080000,0x00000000e2080000)
  from space 5120K, 0% used [0x00000000e2580000,0x00000000e2580000,0x00000000e2a80000)
  to   space 5120K, 0% used [0x00000000e2080000,0x00000000e2080000,0x00000000e2580000)
 ParOldGen       total 87552K, used 0K [0x00000000a0000000, 0x00000000a5580000, 0x00000000e0000000)
  object space 87552K, 0% used [0x00000000a0000000,0x00000000a0000000,0x00000000a5580000)
 Metaspace       used 6938K, capacity 7050K, committed 7168K, reserved 1056768K
  class space    used 845K, capacity 907K, committed 1024K, reserved 1048576K
Event: 0.708 GC heap after
Heap after GC invocations=1 (full 0):
 PSYoungGen      total 38400K, used 4407K [0x00000000e0000000, 0x00000000e2a80000, 0x0000000100000000)
  eden space 33280K, 0% used [0x00000000e0000000,0x00000000e0000000,0x00000000e2080000)
  from space 5120K, 86% used [0x00000000e2080000,0x00000000e24cde70,0x00000000e2580000)
  to   space 5120K, 0% used [0x00000000e2580000,0x00000000e2580000,0x00000000e2a80000)
 ParOldGen       total 87552K, used 8K [0x00000000a0000000, 0x00000000a5580000, 0x00000000e0000000)
  object space 87552K, 0% used [0x00000000a0000000,0x00000000a0002000,0x00000000a5580000)
 Metaspace       used 6938K, capacity 7050K, committed 7168K, reserved 1056768K
  class space    used 845K, capacity 907K, committed 1024K, reserved 1048576K
}
Event: 1.474 GC heap before
{Heap before GC invocations=2 (full 0):
 PSYoungGen      total 38400K, used 37687K [0x00000000e0000000, 0x00000000e2a80000, 0x0000000100000000)
  eden space 33280K, 100% used [0x00000000e0000000,0x00000000e2080000,0x00000000e2080000)
  from space 5120K, 86% used [0x00000000e2080000,0x00000000e24cde70,0x00000000e2580000)
  to   space 5120K, 0% used [0x00000000e2580000,0x00000000e2580000,0x00000000e2a80000)
 ParOldGen       total 87552K, used 8K [0x00000000a0000000, 0x00000000a5580000, 0x00000000e0000000)
  object space 87552K, 0% used [0x00000000a0000000,0x00000000a0002000,0x00000000a5580000)
 Metaspace       used 10850K, capacity 11076K, committed 11264K, reserved 1058816K
  class space    used 1429K, capacity 1518K, committed 1536K, reserved 1048576K
Event: 1.480 GC heap after
Heap after GC invocations=2 (full 0):
 PSYoungGen      total 38400K, used 5116K [0x00000000e0000000, 0x00000000e2a80000, 0x0000000100000000)
  eden space 33280K, 0% used [0x00000000e0000000,0x00000000e0000000,0x00000000e2080000)
  from space 5120K, 99% used [0x00000000e2580000,0x00000000e2a7f1f8,0x00000000e2a80000)
  to   space 5120K, 0% used [0x00000000e2080000,0x00000000e2080000,0x00000000e2580000)
 ParOldGen       total 87552K, used 314K [0x00000000a0000000, 0x00000000a5580000, 0x00000000e0000000)
  object space 87552K, 0% used [0x00000000a0000000,0x00000000a004e978,0x00000000a5580000)
 Metaspace       used 10850K, capacity 11076K, committed 11264K, reserved 1058816K
  class space    used 1429K, capacity 1518K, committed 1536K, reserved 1048576K
}
Event: 1.760 GC heap before
{Heap before GC invocations=3 (full 0):
 PSYoungGen      total 38400K, used 38396K [0x00000000e0000000, 0x00000000e2a80000, 0x0000000100000000)
  eden space 33280K, 100% used [0x00000000e0000000,0x00000000e2080000,0x00000000e2080000)
  from space 5120K, 99% used [0x00000000e2580000,0x00000000e2a7f1f8,0x00000000e2a80000)
  to   space 5120K, 0% used [0x00000000e2080000,0x00000000e2080000,0x00000000e2580000)
 ParOldGen       total 87552K, used 314K [0x00000000a0000000, 0x00000000a5580000, 0x00000000e0000000)
  object space 87552K, 0% used [0x00000000a0000000,0x00000000a004e978,0x00000000a5580000)
 Metaspace       used 14130K, capacity 14478K, committed 14720K, reserved 1062912K
  class space    used 1983K, capacity 2117K, committed 2176K, reserved 1048576K
Event: 1.806 GC heap after
Heap after GC invocations=3 (full 0):
 PSYoungGen      total 38400K, used 5117K [0x00000000e0000000, 0x00000000e4b00000, 0x0000000100000000)
  eden space 33280K, 0% used [0x00000000e0000000,0x00000000e0000000,0x00000000e2080000)
  from space 5120K, 99% used [0x00000000e2080000,0x00000000e257f568,0x00000000e2580000)
  to   space 5120K, 0% used [0x00000000e4600000,0x00000000e4600000,0x00000000e4b00000)
 ParOldGen       total 87552K, used 2276K [0x00000000a0000000, 0x00000000a5580000, 0x00000000e0000000)
  object space 87552K, 2% used [0x00000000a0000000,0x00000000a0239270,0x00000000a5580000)
 Metaspace       used 14130K, capacity 14478K, committed 14720K, reserved 1062912K
  class space    used 1983K, capacity 2117K, committed 2176K, reserved 1048576K
}
Event: 2.142 GC heap before
{Heap before GC invocations=4 (full 0):
 PSYoungGen      total 38400K, used 38397K [0x00000000e0000000, 0x00000000e4b00000, 0x0000000100000000)
  eden space 33280K, 100% used [0x00000000e0000000,0x00000000e2080000,0x00000000e2080000)
  from space 5120K, 99% used [0x00000000e2080000,0x00000000e257f568,0x00000000e2580000)
  to   space 5120K, 0% used [0x00000000e4600000,0x00000000e4600000,0x00000000e4b00000)
 ParOldGen       total 87552K, used 2276K [0x00000000a0000000, 0x00000000a5580000, 0x00000000e0000000)
  object space 87552K, 2% used [0x00000000a0000000,0x00000000a0239270,0x00000000a5580000)
 Metaspace       used 17430K, capacity 17772K, committed 18048K, reserved 1064960K
  class space    used 2505K, capacity 2634K, committed 2688K, reserved 1048576K
Event: 2.154 GC heap after
Heap after GC invocations=4 (full 0):
 PSYoungGen      total 71680K, used 5088K [0x00000000e0000000, 0x00000000e4b00000, 0x0000000100000000)
  eden space 66560K, 0% used [0x00000000e0000000,0x00000000e0000000,0x00000000e4100000)
  from space 5120K, 99% used [0x00000000e4600000,0x00000000e4af8020,0x00000000e4b00000)
  to   space 5120K, 0% used [0x00000000e4100000,0x00000000e4100000,0x00000000e4600000)
 ParOldGen       total 87552K, used 5541K [0x00000000a0000000, 0x00000000a5580000, 0x00000000e0000000)
  object space 87552K, 6% used [0x00000000a0000000,0x00000000a05695f0,0x00000000a5580000)
 Metaspace       used 17430K, capacity 17772K, committed 18048K, reserved 1064960K
  class space    used 2505K, capacity 2634K, committed 2688K, reserved 1048576K
}

Deoptimization events (10 events):
Event: 1.559 Thread 0x000000001a866800 Uncommon trap: reason=bimorphic action=maybe_recompile pc=0x000000000302abfc method=java.util.HashMap.putVal(ILjava/lang/Object;Ljava/lang/Object;ZZ)Ljava/lang/Object; @ 253
Event: 1.559 Thread 0x000000001a866800 Uncommon trap: reason=bimorphic action=maybe_recompile pc=0x000000000302abfc method=java.util.HashMap.putVal(ILjava/lang/Object;Ljava/lang/Object;ZZ)Ljava/lang/Object; @ 253
Event: 1.559 Thread 0x000000001a866800 Uncommon trap: reason=bimorphic action=maybe_recompile pc=0x000000000302abfc method=java.util.HashMap.putVal(ILjava/lang/Object;Ljava/lang/Object;ZZ)Ljava/lang/Object; @ 253
Event: 1.692 Thread 0x000000001a866800 Uncommon trap: reason=class_check action=maybe_recompile pc=0x0000000002f8d2c4 method=java.util.regex.Matcher.match(II)Z @ 86
Event: 1.692 Thread 0x000000001a866800 Uncommon trap: reason=class_check action=maybe_recompile pc=0x0000000002f8d2c4 method=java.util.regex.Matcher.match(II)Z @ 86
Event: 1.733 Thread 0x000000001a866800 Uncommon trap: reason=class_check action=maybe_recompile pc=0x0000000002f56d9c method=java.util.regex.Matcher.match(II)Z @ 86
Event: 1.816 Thread 0x000000001a866800 Uncommon trap: reason=unstable_if action=reinterpret pc=0x0000000003150f34 method=java.lang.String.lastIndexOf([CII[CIII)I @ 66
Event: 1.854 Thread 0x000000001a866800 Uncommon trap: reason=unstable_if action=reinterpret pc=0x0000000002e48e08 method=java.net.URI.match(CJJ)Z @ 19
Event: 1.854 Thread 0x000000001a866800 Uncommon trap: reason=unstable_if action=reinterpret pc=0x0000000002f92480 method=java.net.URI.match(CJJ)Z @ 19
Event: 2.060 Thread 0x000000001a866800 Uncommon trap: reason=unstable_if action=reinterpret pc=0x0000000002f8bad8 method=java.io.File.getName()Ljava/lang/String; @ 16

Classes redefined (0 events):
No events

Internal exceptions (10 events):
Event: 1.530 Thread 0x000000001a839800 Exception <a 'java/lang/NoSuchMethodError': <clinit>> (0x00000000e02f6418) thrown at [D:\src\AOSP-openjdk-cygwin\jdk8u\hotspot\src\share\vm\prims\jni.cpp, line 1613]
Event: 1.531 Thread 0x000000001a839800 Exception <a 'java/lang/NoSuchMethodError': <clinit>> (0x00000000e03017b8) thrown at [D:\src\AOSP-openjdk-cygwin\jdk8u\hotspot\src\share\vm\prims\jni.cpp, line 1613]
Event: 1.531 Thread 0x000000001a839800 Exception <a 'java/lang/NoSuchMethodError': <clinit>> (0x00000000e030d6a8) thrown at [D:\src\AOSP-openjdk-cygwin\jdk8u\hotspot\src\share\vm\prims\jni.cpp, line 1613]
Event: 1.534 Thread 0x000000001a839800 Exception <a 'java/lang/NoSuchMethodError': <clinit>> (0x00000000e0332ce8) thrown at [D:\src\AOSP-openjdk-cygwin\jdk8u\hotspot\src\share\vm\prims\jni.cpp, line 1613]
Event: 1.551 Thread 0x000000001a866800 Exception <a 'java/lang/NoSuchMethodError': <clinit>> (0x00000000e047e808) thrown at [D:\src\AOSP-openjdk-cygwin\jdk8u\hotspot\src\share\vm\prims\jni.cpp, line 1613]
Event: 1.551 Thread 0x000000001a866800 Exception <a 'java/lang/NoSuchMethodError': <clinit>> (0x00000000e0486c60) thrown at [D:\src\AOSP-openjdk-cygwin\jdk8u\hotspot\src\share\vm\prims\jni.cpp, line 1613]
Event: 2.075 Thread 0x000000001a866800 Exception <a 'java/lang/NoSuchMethodError': <clinit>> (0x00000000e1a01a78) thrown at [D:\src\AOSP-openjdk-cygwin\jdk8u\hotspot\src\share\vm\prims\jni.cpp, line 1613]
Event: 2.075 Thread 0x000000001a866800 Exception <a 'java/lang/NoSuchMethodError': <clinit>> (0x00000000e1a04418) thrown at [D:\src\AOSP-openjdk-cygwin\jdk8u\hotspot\src\share\vm\prims\jni.cpp, line 1613]
Event: 2.075 Thread 0x000000001a866800 Exception <a 'java/lang/NoSuchMethodError': <clinit>> (0x00000000e1a11a08) thrown at [D:\src\AOSP-openjdk-cygwin\jdk8u\hotspot\src\share\vm\prims\jni.cpp, line 1613]
Event: 2.076 Thread 0x000000001a866800 Exception <a 'java/lang/NoSuchMethodError': <clinit>> (0x00000000e1a1d188) thrown at [D:\src\AOSP-openjdk-cygwin\jdk8u\hotspot\src\share\vm\prims\jni.cpp, line 1613]

Events (10 events):
Event: 2.200 loading class groovy/lang/Closure$WritableClosure
Event: 2.200 loading class groovy/lang/Closure$WritableClosure done
Event: 2.200 loading class org/codehaus/groovy/runtime/CurriedClosure
Event: 2.200 loading class org/codehaus/groovy/runtime/CurriedClosure done
Event: 2.200 loading class groovy/lang/TrampolineClosure
Event: 2.200 loading class groovy/lang/TrampolineClosure done
Event: 2.201 loading class org/codehaus/groovy/reflection/CachedMethod$MyComparator
Event: 2.201 loading class org/codehaus/groovy/reflection/CachedMethod$MyComparator done
Event: 2.202 loading class org/codehaus/groovy/reflection/CachedClass$CachedMethodComparatorByName
Event: 2.202 loading class org/codehaus/groovy/reflection/CachedClass$CachedMethodComparatorByName done


Dynamic libraries:
0x00007ff6762c0000 - 0x00007ff6762f1000 	D:\Android Studio\jre\bin\java.exe
0x00007ff925bf0000 - 0x00007ff925dd1000 	C:\WINDOWS\SYSTEM32\ntdll.dll
0x00007ff9232f0000 - 0x00007ff9233a2000 	C:\WINDOWS\System32\KERNEL32.DLL
0x00007ff921fc0000 - 0x00007ff922233000 	C:\WINDOWS\System32\KERNELBASE.dll
0x00007ff923240000 - 0x00007ff9232e1000 	C:\WINDOWS\System32\ADVAPI32.dll
0x00007ff925750000 - 0x00007ff9257ee000 	C:\WINDOWS\System32\msvcrt.dll
0x00007ff9234b0000 - 0x00007ff92350b000 	C:\WINDOWS\System32\sechost.dll
0x00007ff925620000 - 0x00007ff925744000 	C:\WINDOWS\System32\RPCRT4.dll
0x00007ff9249e0000 - 0x00007ff924b70000 	C:\WINDOWS\System32\USER32.dll
0x00007ff922b20000 - 0x00007ff922b40000 	C:\WINDOWS\System32\win32u.dll
0x00007ff9257f0000 - 0x00007ff925818000 	C:\WINDOWS\System32\GDI32.dll
0x00007ff922ee0000 - 0x00007ff923072000 	C:\WINDOWS\System32\gdi32full.dll
0x00007ff922e40000 - 0x00007ff922edf000 	C:\WINDOWS\System32\msvcp_win.dll
0x00007ff922a20000 - 0x00007ff922b1a000 	C:\WINDOWS\System32\ucrtbase.dll
0x00007ff914a40000 - 0x00007ff914ca9000 	C:\WINDOWS\WinSxS\amd64_microsoft.windows.common-controls_6595b64144ccf1df_6.0.17134.345_none_fb429a5930656358\COMCTL32.dll
0x00007ff924d20000 - 0x00007ff925043000 	C:\WINDOWS\System32\combase.dll
0x00007ff922950000 - 0x00007ff9229ca000 	C:\WINDOWS\System32\bcryptPrimitives.dll
0x00007ff924cf0000 - 0x00007ff924d1d000 	C:\WINDOWS\System32\IMM32.DLL
0x0000000077c40000 - 0x0000000077d12000 	D:\Android Studio\jre\jre\bin\msvcr100.dll
0x00000000767e0000 - 0x0000000077021000 	D:\Android Studio\jre\jre\bin\server\jvm.dll
0x00007ff923590000 - 0x00007ff923598000 	C:\WINDOWS\System32\PSAPI.DLL
0x00007ff91c6a0000 - 0x00007ff91c6aa000 	C:\WINDOWS\SYSTEM32\VERSION.dll
0x00007ff8fe0b0000 - 0x00007ff8fe0b9000 	C:\WINDOWS\SYSTEM32\WSOCK32.dll
0x00007ff91c400000 - 0x00007ff91c423000 	C:\WINDOWS\SYSTEM32\WINMM.dll
0x00007ff925070000 - 0x00007ff9250dc000 	C:\WINDOWS\System32\WS2_32.dll
0x00007ff91c3d0000 - 0x00007ff91c3fa000 	C:\WINDOWS\SYSTEM32\WINMMBASE.dll
0x00007ff9229d0000 - 0x00007ff922a19000 	C:\WINDOWS\System32\cfgmgr32.dll
0x00007ff91c440000 - 0x00007ff91c44f000 	D:\Android Studio\jre\jre\bin\verify.dll
0x00007ff910b10000 - 0x00007ff910b39000 	D:\Android Studio\jre\jre\bin\java.dll
0x00007ff910b90000 - 0x00007ff910ba6000 	D:\Android Studio\jre\jre\bin\zip.dll
0x00007ff9235a0000 - 0x00007ff9249df000 	C:\WINDOWS\System32\SHELL32.dll
0x00007ff925a90000 - 0x00007ff925b39000 	C:\WINDOWS\System32\shcore.dll
0x00007ff922240000 - 0x00007ff92294d000 	C:\WINDOWS\System32\windows.storage.dll
0x00007ff9233b0000 - 0x00007ff923401000 	C:\WINDOWS\System32\shlwapi.dll
0x00007ff921fa0000 - 0x00007ff921fb1000 	C:\WINDOWS\System32\kernel.appcore.dll
0x00007ff921f30000 - 0x00007ff921f4f000 	C:\WINDOWS\System32\profapi.dll
0x00007ff921f50000 - 0x00007ff921f9c000 	C:\WINDOWS\System32\powrprof.dll
0x00007ff921f00000 - 0x00007ff921f0a000 	C:\WINDOWS\System32\FLTLIB.DLL
0x00007ff90e370000 - 0x00007ff90e38a000 	D:\Android Studio\jre\jre\bin\net.dll
0x00007ff921780000 - 0x00007ff9217e6000 	C:\WINDOWS\system32\mswsock.dll
0x00007ff90e310000 - 0x00007ff90e321000 	D:\Android Studio\jre\jre\bin\nio.dll
0x00007ff9109f0000 - 0x00007ff910a0e000 	C:\Users\jeva\.gradle\native\25\windows-amd64\native-platform.dll
0x00007ff917a20000 - 0x00007ff917a2d000 	D:\Android Studio\jre\jre\bin\management.dll
0x00007ff921930000 - 0x00007ff921947000 	C:\WINDOWS\SYSTEM32\CRYPTSP.dll
0x00007ff921360000 - 0x00007ff921393000 	C:\WINDOWS\system32\rsaenh.dll
0x00007ff921a60000 - 0x00007ff921a85000 	C:\WINDOWS\SYSTEM32\bcrypt.dll
0x00007ff921e00000 - 0x00007ff921e28000 	C:\WINDOWS\SYSTEM32\USERENV.dll
0x00007ff921950000 - 0x00007ff92195b000 	C:\WINDOWS\SYSTEM32\CRYPTBASE.dll
0x00007ff921500000 - 0x00007ff921538000 	C:\WINDOWS\SYSTEM32\IPHLPAPI.DLL
0x00007ff925050000 - 0x00007ff925058000 	C:\WINDOWS\System32\NSI.dll
0x00007ff91c530000 - 0x00007ff91c546000 	C:\WINDOWS\SYSTEM32\dhcpcsvc6.DLL
0x00007ff91cc70000 - 0x00007ff91cc8a000 	C:\WINDOWS\SYSTEM32\dhcpcsvc.DLL

VM Arguments:
jvm_args: -Xmx1536m -Dfile.encoding=windows-1252 -Duser.country=ID -Duser.language=en -Duser.variant 
java_command: org.gradle.launcher.daemon.bootstrap.GradleDaemon 4.6
java_class_path (initial): C:\Users\jeva\.gradle\wrapper\dists\gradle-4.6-all\bcst21l2brirad8k2ben1letg\gradle-4.6\lib\gradle-launcher-4.6.jar
Launcher Type: SUN_STANDARD

Environment Variables:
JAVA_HOME=C:\Program Files\Java\jdk1.8.0_60
PATH=C:\Program Files (x86)\Intel\iCLS Client\;C:\Program Files\Intel\iCLS Client\;C:\Windows\system32;C:\Windows;C:\Windows\System32\Wbem;C:\Windows\System32\WindowsPowerShell\v1.0\;C:\Program Files (x86)\Intel\Intel(R) Management Engine Components\DAL;C:\Program Files\Intel\Intel(R) Management Engine Components\DAL;C:\Program Files (x86)\Intel\Intel(R) Management Engine Components\IPT;C:\Program Files\Intel\Intel(R) Management Engine Components\IPT;C:\Program Files\Intel\WiFi\bin\;C:\Program Files\Common Files\Intel\WirelessCommon\;C:\Program Files (x86)\NVIDIA Corporation\PhysX\Common;C:\WINDOWS\system32;C:\WINDOWS;C:\WINDOWS\System32\Wbem;C:\WINDOWS\System32\WindowsPowerShell\v1.0\;C:\WINDOWS\System32\OpenSSH\;C:\Program Files\IBM\SPSS\Statistics\Subscription\JRE\bin;C:\Program Files\IBM\SPSS\Statistics\25\JRE\bin;D:\Git\cmd;C:\Program Files\TortoiseSVN\bin;C:\Program Files (x86)\GtkSharp\2.12\bin;C:\Users\jeva\AppData\Local\Microsoft\WindowsApps;C:\Program Files\Intel\WiFi\bin\;C:\Program Files\Common Files\Intel\WirelessCommon\;
USERNAME=jeva
OS=Windows_NT
PROCESSOR_IDENTIFIER=Intel64 Family 6 Model 158 Stepping 9, GenuineIntel



---------------  S Y S T E M  ---------------

OS: Windows 10.0 , 64 bit Build 17134 (10.0.17134.1)

CPU:total 8 (initial active 8) (4 cores per cpu, 2 threads per core) family 6 model 158 stepping 9, cmov, cx8, fxsr, mmx, sse, sse2, sse3, ssse3, sse4.1, sse4.2, popcnt, avx, avx2, aes, clmul, erms, 3dnowpref, lzcnt, ht, tsc, tscinvbit, bmi1, bmi2, adx

Memory: 4k page, physical 8304236k(661700k free), swap 23831568k(88164k free)

vm_info: OpenJDK 64-Bit Server VM (25.152-b06) for windows-amd64 JRE (1.8.0_152-release-1136-b06), built by "builder" with MS VC++ 10.0 (VS2010)

time: Tue Nov 13 22:31:24 2018
elapsed time: 2 seconds (0d 0h 0m 2s)

