#
# There is insufficient memory for the Java Runtime Environment to continue.
# Native memory allocation (malloc) failed to allocate 1275472 bytes for Chunk::new
# Possible reasons:
#   The system is out of physical RAM or swap space
#   In 32 bit mode, the process size limit was hit
# Possible solutions:
#   Reduce memory load on the system
#   Increase physical memory or swap space
#   Check if swap backing store is full
#   Use 64 bit Java on a 64 bit OS
#   Decrease Java heap size (-Xmx/-Xms)
#   Decrease number of Java threads
#   Decrease Java thread stack sizes (-Xss)
#   Set larger code cache with -XX:ReservedCodeCacheSize=
# This output file may be truncated or incomplete.
#
#  Out of Memory Error (allocation.cpp:390), pid=46316, tid=0x00000000000009a8
#
# JRE version: OpenJDK Runtime Environment (8.0_152-b06) (build 1.8.0_152-release-1136-b06)
# Java VM: OpenJDK 64-Bit Server VM (25.152-b06 mixed mode windows-amd64 compressed oops)
# Failed to write core dump. Minidumps are not enabled by default on client versions of Windows
#

---------------  T H R E A D  ---------------

Current thread (0x0000000018f69000):  JavaThread "C2 CompilerThread0" daemon [_thread_in_native, id=2472, stack(0x0000000019730000,0x0000000019830000)]

Stack: [0x0000000019730000,0x0000000019830000]
[error occurred during error reporting (printing stack bounds), id 0xc0000005]

Native frames: (J=compiled Java code, j=interpreted, Vv=VM code, C=native code)


Current CompileTask:
C2:  12598 5273       4       sun.reflect.generics.parser.SignatureParser::parsePackageNameAndSimpleClassTypeSignature (139 bytes)


---------------  P R O C E S S  ---------------

Java Threads: ( => current thread )
  0x000000001b2f2000 JavaThread "Memory manager" [_thread_blocked, id=25628, stack(0x00000000237a0000,0x00000000238a0000)]
  0x000000001b2ef000 JavaThread "Build operations Thread 8" [_thread_blocked, id=30596, stack(0x00000000222d0000,0x00000000223d0000)]
  0x000000001b2f0800 JavaThread "Build operations Thread 7" [_thread_blocked, id=21240, stack(0x00000000221d0000,0x00000000222d0000)]
  0x000000001b2e9800 JavaThread "Build operations Thread 6" [_thread_blocked, id=18872, stack(0x00000000220d0000,0x00000000221d0000)]
  0x000000001b2ed000 JavaThread "Build operations Thread 5" [_thread_blocked, id=22684, stack(0x0000000021fd0000,0x00000000220d0000)]
  0x000000001b2e9000 JavaThread "Build operations Thread 4" [_thread_blocked, id=26148, stack(0x0000000021ed0000,0x0000000021fd0000)]
  0x000000001b2ea800 JavaThread "Build operations Thread 3" [_thread_blocked, id=40844, stack(0x0000000021dd0000,0x0000000021ed0000)]
  0x000000001b2ee800 JavaThread "Build operations Thread 2" [_thread_blocked, id=9660, stack(0x0000000021a10000,0x0000000021b10000)]
  0x000000001d862800 JavaThread "Build operations" [_thread_blocked, id=30172, stack(0x00000000216f0000,0x00000000217f0000)]
  0x000000001d862000 JavaThread "Cache worker for Artifact transforms cache (C:\Users\jeva\.gradle\caches\transforms-1)" [_thread_blocked, id=33900, stack(0x00000000215f0000,0x00000000216f0000)]
  0x000000001cae9000 JavaThread "Cache worker for file hash cache (D:\Project\New folder\.gradle\4.6\fileHashes)" [_thread_blocked, id=41480, stack(0x000000001da50000,0x000000001db50000)]
  0x000000001b0bf000 JavaThread "File lock request listener" [_thread_in_native, id=26576, stack(0x000000001c980000,0x000000001ca80000)]
  0x000000001b10f800 JavaThread "Cache worker for file hash cache (C:\Users\jeva\.gradle\caches\4.6\fileHashes)" [_thread_blocked, id=45760, stack(0x000000001c880000,0x000000001c980000)]
  0x000000001adeb800 JavaThread "Stdin handler" [_thread_blocked, id=38452, stack(0x000000001c580000,0x000000001c680000)]
  0x000000001adea800 JavaThread "Asynchronous log dispatcher for DefaultDaemonConnection: socket connection from /127.0.0.1:65360 to /127.0.0.1:65361" [_thread_blocked, id=10168, stack(0x000000001c380000,0x000000001c480000)]
  0x000000001adf4000 JavaThread "Daemon worker" [_thread_in_Java, id=32860, stack(0x000000001c280000,0x000000001c380000)]
  0x000000001adf3000 JavaThread "Cancel handler" [_thread_blocked, id=36504, stack(0x000000001c180000,0x000000001c280000)]
  0x000000001ae91800 JavaThread "Handler for socket connection from /127.0.0.1:65360 to /127.0.0.1:65361" [_thread_in_native, id=27564, stack(0x000000001be80000,0x000000001bf80000)]
  0x000000001ae90800 JavaThread "Daemon" [_thread_blocked, id=36080, stack(0x000000001bd80000,0x000000001be80000)]
  0x000000001aef6800 JavaThread "Daemon periodic checks" [_thread_blocked, id=46312, stack(0x000000001bc80000,0x000000001bd80000)]
  0x000000001ac6a000 JavaThread "Incoming local TCP Connector on port 65360" [_thread_in_native, id=11372, stack(0x000000001ba40000,0x000000001bb40000)]
  0x0000000018ffa000 JavaThread "Service Thread" daemon [_thread_blocked, id=45208, stack(0x0000000019b30000,0x0000000019c30000)]
  0x0000000018f72800 JavaThread "C1 CompilerThread3" daemon [_thread_blocked, id=36824, stack(0x0000000019a30000,0x0000000019b30000)]
  0x0000000018f6e800 JavaThread "C2 CompilerThread2" daemon [_thread_in_native, id=24900, stack(0x0000000019930000,0x0000000019a30000)]
  0x0000000018f6c800 JavaThread "C2 CompilerThread1" daemon [_thread_in_native, id=25188, stack(0x0000000019830000,0x0000000019930000)]
=>0x0000000018f69000 JavaThread "C2 CompilerThread0" daemon [_thread_in_native, id=2472, stack(0x0000000019730000,0x0000000019830000)]
  0x0000000018f68000 JavaThread "Attach Listener" daemon [_thread_blocked, id=45236, stack(0x0000000019630000,0x0000000019730000)]
  0x0000000018f67000 JavaThread "Signal Dispatcher" daemon [_thread_blocked, id=41676, stack(0x0000000019530000,0x0000000019630000)]
  0x0000000018f60800 JavaThread "Finalizer" daemon [_thread_blocked, id=42872, stack(0x0000000019340000,0x0000000019440000)]
  0x0000000003299000 JavaThread "Reference Handler" daemon [_thread_blocked, id=18660, stack(0x0000000018e40000,0x0000000018f40000)]
  0x000000000309e000 JavaThread "main" [_thread_blocked, id=31120, stack(0x00000000030a0000,0x00000000031a0000)]

Other Threads:
  0x0000000017058000 VMThread [stack: 0x0000000018d40000,0x0000000018e40000] [id=16024]
  0x0000000018ffb000 WatcherThread [stack: 0x0000000019c30000,0x0000000019d30000] [id=44804]

VM state:not at safepoint (normal execution)

VM Mutex/Monitor currently owned by a thread: None

Heap:
 PSYoungGen      total 112128K, used 36796K [0x00000000e0000000, 0x00000000e8800000, 0x0000000100000000)
  eden space 98304K, 23% used [0x00000000e0000000,0x00000000e1673d20,0x00000000e6000000)
  from space 13824K, 99% used [0x00000000e7100000,0x00000000e7e7b510,0x00000000e7e80000)
  to   space 17408K, 0% used [0x00000000e6000000,0x00000000e6000000,0x00000000e7100000)
 ParOldGen       total 103424K, used 24004K [0x00000000a0000000, 0x00000000a6500000, 0x00000000e0000000)
  object space 103424K, 23% used [0x00000000a0000000,0x00000000a1771240,0x00000000a6500000)
 Metaspace       used 52845K, capacity 54331K, committed 54488K, reserved 1095680K
  class space    used 7188K, capacity 7605K, committed 7680K, reserved 1048576K

Card table byte_map: [0x0000000012660000,0x0000000012970000] byte_map_base: 0x0000000012160000

Marking Bits: (ParMarkBitMap*) 0x0000000076fa5aa0
 Begin Bits: [0x0000000013370000, 0x0000000014b70000)
 End Bits:   [0x0000000014b70000, 0x0000000016370000)

Polling page: 0x0000000003010000

CodeCache: size=245760Kb used=17591Kb max_used=17591Kb free=228168Kb
 bounds [0x00000000032a0000, 0x00000000043e0000, 0x00000000122a0000]
 total_blobs=5897 nmethods=5130 adapters=679
 compilation: enabled

Compilation events (10 events):
Event: 12.549 Thread 0x0000000018f72800 5407       3       org.apache.commons.collections.map.AbstractReferenceMap::purgeBeforeWrite (5 bytes)
Event: 12.549 Thread 0x0000000018f72800 nmethod 5407 0x00000000043b42d0 code [0x00000000043b44a0, 0x00000000043b4e28]
Event: 12.557 Thread 0x0000000018f72800 5408       3       org.gradle.api.internal.AsmBackedClassGenerator$ClassBuilderImpl::addSetter (58 bytes)
Event: 12.557 Thread 0x0000000018f72800 nmethod 5408 0x00000000043b51d0 code [0x00000000043b53a0, 0x00000000043b5a08]
Event: 12.566 Thread 0x0000000018f72800 5409       3       org.gradle.model.internal.core.ModelRegistrations$Builder$AbstractBuilderAction::getDescriptor (8 bytes)
Event: 12.566 Thread 0x0000000018f72800 nmethod 5409 0x00000000043b5cd0 code [0x00000000043b5e20, 0x00000000043b5f90]
Event: 12.567 Thread 0x0000000018f72800 5410       3       java.util.TreeMap::put (247 bytes)
Event: 12.569 Thread 0x0000000018f72800 nmethod 5410 0x00000000043b6050 code [0x00000000043b62c0, 0x00000000043b7498]
Event: 12.569 Thread 0x0000000018f72800 5411       1       org.gradle.api.internal.plugins.DefaultConvention::getExtensionsAsDynamicObject (5 bytes)
Event: 12.569 Thread 0x0000000018f72800 nmethod 5411 0x00000000043b7bd0 code [0x00000000043b7d20, 0x00000000043b7e30]

GC Heap History (10 events):
Event: 8.375 GC heap before
{Heap before GC invocations=10 (full 1):
 PSYoungGen      total 76800K, used 26555K [0x00000000e0000000, 0x00000000e6980000, 0x0000000100000000)
  eden space 67072K, 25% used [0x00000000e0000000,0x00000000e10c7e58,0x00000000e4180000)
  from space 9728K, 96% used [0x00000000e4c00000,0x00000000e5526f08,0x00000000e5580000)
  to   space 10752K, 0% used [0x00000000e4180000,0x00000000e4180000,0x00000000e4c00000)
 ParOldGen       total 65024K, used 8273K [0x00000000a0000000, 0x00000000a3f80000, 0x00000000e0000000)
  object space 65024K, 12% used [0x00000000a0000000,0x00000000a0814420,0x00000000a3f80000)
 Metaspace       used 34703K, capacity 35197K, committed 35416K, reserved 1079296K
  class space    used 4808K, capacity 4992K, committed 4992K, reserved 1048576K
Event: 8.382 GC heap after
Heap after GC invocations=10 (full 1):
 PSYoungGen      total 77824K, used 8704K [0x00000000e0000000, 0x00000000e6900000, 0x0000000100000000)
  eden space 67072K, 0% used [0x00000000e0000000,0x00000000e0000000,0x00000000e4180000)
  from space 10752K, 80% used [0x00000000e4180000,0x00000000e4a00310,0x00000000e4c00000)
  to   space 11264K, 0% used [0x00000000e5e00000,0x00000000e5e00000,0x00000000e6900000)
 ParOldGen       total 65024K, used 8281K [0x00000000a0000000, 0x00000000a3f80000, 0x00000000e0000000)
  object space 65024K, 12% used [0x00000000a0000000,0x00000000a0816420,0x00000000a3f80000)
 Metaspace       used 34703K, capacity 35197K, committed 35416K, reserved 1079296K
  class space    used 4808K, capacity 4992K, committed 4992K, reserved 1048576K
}
Event: 8.382 GC heap before
{Heap before GC invocations=11 (full 2):
 PSYoungGen      total 77824K, used 8704K [0x00000000e0000000, 0x00000000e6900000, 0x0000000100000000)
  eden space 67072K, 0% used [0x00000000e0000000,0x00000000e0000000,0x00000000e4180000)
  from space 10752K, 80% used [0x00000000e4180000,0x00000000e4a00310,0x00000000e4c00000)
  to   space 11264K, 0% used [0x00000000e5e00000,0x00000000e5e00000,0x00000000e6900000)
 ParOldGen       total 65024K, used 8281K [0x00000000a0000000, 0x00000000a3f80000, 0x00000000e0000000)
  object space 65024K, 12% used [0x00000000a0000000,0x00000000a0816420,0x00000000a3f80000)
 Metaspace       used 34703K, capacity 35197K, committed 35416K, reserved 1079296K
  class space    used 4808K, capacity 4992K, committed 4992K, reserved 1048576K
Event: 8.446 GC heap after
Heap after GC invocations=11 (full 2):
 PSYoungGen      total 77824K, used 0K [0x00000000e0000000, 0x00000000e6900000, 0x0000000100000000)
  eden space 67072K, 0% used [0x00000000e0000000,0x00000000e0000000,0x00000000e4180000)
  from space 10752K, 0% used [0x00000000e4180000,0x00000000e4180000,0x00000000e4c00000)
  to   space 11264K, 0% used [0x00000000e5e00000,0x00000000e5e00000,0x00000000e6900000)
 ParOldGen       total 103424K, used 15230K [0x00000000a0000000, 0x00000000a6500000, 0x00000000e0000000)
  object space 103424K, 14% used [0x00000000a0000000,0x00000000a0edf950,0x00000000a6500000)
 Metaspace       used 34703K, capacity 35197K, committed 35416K, reserved 1079296K
  class space    used 4808K, capacity 4992K, committed 4992K, reserved 1048576K
}
Event: 9.242 GC heap before
{Heap before GC invocations=12 (full 2):
 PSYoungGen      total 77824K, used 67072K [0x00000000e0000000, 0x00000000e6900000, 0x0000000100000000)
  eden space 67072K, 100% used [0x00000000e0000000,0x00000000e4180000,0x00000000e4180000)
  from space 10752K, 0% used [0x00000000e4180000,0x00000000e4180000,0x00000000e4c00000)
  to   space 11264K, 0% used [0x00000000e5e00000,0x00000000e5e00000,0x00000000e6900000)
 ParOldGen       total 103424K, used 15230K [0x00000000a0000000, 0x00000000a6500000, 0x00000000e0000000)
  object space 103424K, 14% used [0x00000000a0000000,0x00000000a0edf950,0x00000000a6500000)
 Metaspace       used 38400K, capacity 39075K, committed 39256K, reserved 1083392K
  class space    used 5249K, capacity 5492K, committed 5504K, reserved 1048576K
Event: 9.250 GC heap after
Heap after GC invocations=12 (full 2):
 PSYoungGen      total 92160K, used 7887K [0x00000000e0000000, 0x00000000e6700000, 0x0000000100000000)
  eden space 82944K, 0% used [0x00000000e0000000,0x00000000e0000000,0x00000000e5100000)
  from space 9216K, 85% used [0x00000000e5e00000,0x00000000e65b3cd8,0x00000000e6700000)
  to   space 11264K, 0% used [0x00000000e5100000,0x00000000e5100000,0x00000000e5c00000)
 ParOldGen       total 103424K, used 15238K [0x00000000a0000000, 0x00000000a6500000, 0x00000000e0000000)
  object space 103424K, 14% used [0x00000000a0000000,0x00000000a0ee1950,0x00000000a6500000)
 Metaspace       used 38400K, capacity 39075K, committed 39256K, reserved 1083392K
  class space    used 5249K, capacity 5492K, committed 5504K, reserved 1048576K
}
Event: 10.753 GC heap before
{Heap before GC invocations=13 (full 2):
 PSYoungGen      total 92160K, used 90831K [0x00000000e0000000, 0x00000000e6700000, 0x0000000100000000)
  eden space 82944K, 100% used [0x00000000e0000000,0x00000000e5100000,0x00000000e5100000)
  from space 9216K, 85% used [0x00000000e5e00000,0x00000000e65b3cd8,0x00000000e6700000)
  to   space 11264K, 0% used [0x00000000e5100000,0x00000000e5100000,0x00000000e5c00000)
 ParOldGen       total 103424K, used 15238K [0x00000000a0000000, 0x00000000a6500000, 0x00000000e0000000)
  object space 103424K, 14% used [0x00000000a0000000,0x00000000a0ee1950,0x00000000a6500000)
 Metaspace       used 43484K, capacity 44309K, committed 44632K, reserved 1087488K
  class space    used 5895K, capacity 6178K, committed 6272K, reserved 1048576K
Event: 10.764 GC heap after
Heap after GC invocations=13 (full 2):
 PSYoungGen      total 94208K, used 11244K [0x00000000e0000000, 0x00000000e7e80000, 0x0000000100000000)
  eden space 82944K, 0% used [0x00000000e0000000,0x00000000e0000000,0x00000000e5100000)
  from space 11264K, 99% used [0x00000000e5100000,0x00000000e5bfb2f0,0x00000000e5c00000)
  to   space 13824K, 0% used [0x00000000e7100000,0x00000000e7100000,0x00000000e7e80000)
 ParOldGen       total 103424K, used 19263K [0x00000000a0000000, 0x00000000a6500000, 0x00000000e0000000)
  object space 103424K, 18% used [0x00000000a0000000,0x00000000a12cfe08,0x00000000a6500000)
 Metaspace       used 43484K, capacity 44309K, committed 44632K, reserved 1087488K
  class space    used 5895K, capacity 6178K, committed 6272K, reserved 1048576K
}
Event: 12.257 GC heap before
{Heap before GC invocations=14 (full 2):
 PSYoungGen      total 94208K, used 94188K [0x00000000e0000000, 0x00000000e7e80000, 0x0000000100000000)
  eden space 82944K, 100% used [0x00000000e0000000,0x00000000e5100000,0x00000000e5100000)
  from space 11264K, 99% used [0x00000000e5100000,0x00000000e5bfb2f0,0x00000000e5c00000)
  to   space 13824K, 0% used [0x00000000e7100000,0x00000000e7100000,0x00000000e7e80000)
 ParOldGen       total 103424K, used 19263K [0x00000000a0000000, 0x00000000a6500000, 0x00000000e0000000)
  object space 103424K, 18% used [0x00000000a0000000,0x00000000a12cfe08,0x00000000a6500000)
 Metaspace       used 51461K, capacity 52761K, committed 52952K, reserved 1095680K
  class space    used 6957K, capacity 7344K, committed 7424K, reserved 1048576K
Event: 12.286 GC heap after
Heap after GC invocations=14 (full 2):
 PSYoungGen      total 112128K, used 13805K [0x00000000e0000000, 0x00000000e8800000, 0x0000000100000000)
  eden space 98304K, 0% used [0x00000000e0000000,0x00000000e0000000,0x00000000e6000000)
  from space 13824K, 99% used [0x00000000e7100000,0x00000000e7e7b510,0x00000000e7e80000)
  to   space 17408K, 0% used [0x00000000e6000000,0x00000000e6000000,0x00000000e7100000)
 ParOldGen       total 103424K, used 24004K [0x00000000a0000000, 0x00000000a6500000, 0x00000000e0000000)
  object space 103424K, 23% used [0x00000000a0000000,0x00000000a1771240,0x00000000a6500000)
 Metaspace       used 51461K, capacity 52761K, committed 52952K, reserved 1095680K
  class space    used 6957K, capacity 7344K, committed 7424K, reserved 1048576K
}

Deoptimization events (10 events):
Event: 10.983 Thread 0x000000001adf4000 Uncommon trap: reason=class_check action=maybe_recompile pc=0x00000000037d1c40 method=java.io.DataInputStream.readUnsignedShort()I @ 4
Event: 11.026 Thread 0x000000001adf4000 Uncommon trap: reason=unstable_if action=reinterpret pc=0x000000000408000c method=java.io.DataInputStream.readUTF(Ljava/io/DataInput;)Ljava/lang/String; @ 31
Event: 11.373 Thread 0x000000001adf4000 Uncommon trap: reason=unstable_if action=reinterpret pc=0x0000000003db1dfc method=java.util.regex.Pattern$BmpCharProperty.match(Ljava/util/regex/Matcher;ILjava/lang/CharSequence;)Z @ 34
Event: 11.373 Thread 0x000000001adf4000 Uncommon trap: reason=unstable_if action=reinterpret pc=0x0000000003b51b68 method=java.util.regex.Pattern$BmpCharProperty.match(Ljava/util/regex/Matcher;ILjava/lang/CharSequence;)Z @ 34
Event: 11.742 Thread 0x000000001adf4000 Uncommon trap: reason=unstable_if action=reinterpret pc=0x000000000414b5e8 method=com.sun.org.apache.xerces.internal.impl.XMLEntityScanner.scanContent(Lcom/sun/org/apache/xerces/internal/xni/XMLString;)I @ 44
Event: 11.744 Thread 0x000000001adf4000 Uncommon trap: reason=unstable_if action=reinterpret pc=0x00000000040ddcf4 method=com.sun.org.apache.xerces.internal.impl.XMLEntityScanner.checkBeforeLoad(Lcom/sun/xml/internal/stream/Entity$ScannedEntity;II)I @ 18
Event: 12.107 Thread 0x000000001adf4000 Uncommon trap: reason=class_check action=maybe_recompile pc=0x0000000003b6b19c method=java.io.BufferedInputStream.read1([BII)I @ 39
Event: 12.107 Thread 0x000000001adf4000 Uncommon trap: reason=class_check action=maybe_recompile pc=0x0000000003a68358 method=java.io.BufferedInputStream.read1([BII)I @ 39
Event: 12.287 Thread 0x0000000018f60800 Uncommon trap: reason=unstable_if action=reinterpret pc=0x00000000036fa754 method=java.util.WeakHashMap.expungeStaleEntries()V @ 9
Event: 12.559 Thread 0x000000001adf4000 Uncommon trap: reason=unstable_if action=reinterpret pc=0x0000000003ed73fc method=java.util.TreeMap.put(Ljava/lang/Object;Ljava/lang/Object;)Ljava/lang/Object; @ 163

Classes redefined (0 events):
No events

Internal exceptions (10 events):
Event: 11.676 Thread 0x000000001adf4000 Exception <a 'sun/nio/fs/WindowsException'> (0x00000000e35334f0) thrown at [D:\src\AOSP-openjdk-cygwin\jdk8u\hotspot\src\share\vm\prims\jni.cpp, line 709]
Event: 11.676 Thread 0x000000001adf4000 Exception <a 'sun/nio/fs/WindowsException'> (0x00000000e3534208) thrown at [D:\src\AOSP-openjdk-cygwin\jdk8u\hotspot\src\share\vm\prims\jni.cpp, line 709]
Event: 11.773 Thread 0x000000001adf4000 Exception <a 'java/lang/NoSuchMethodError': java.lang.Object.lambda$comparing$77a9974f$1(Ljava/util/function/Function;Ljava/lang/Object;Ljava/lang/Object;)I> (0x00000000e36f5b68) thrown at [D:\src\AOSP-openjdk-cygwin\jdk8u\hotspot\src\share\vm\interpreter
Event: 11.774 Thread 0x000000001adf4000 Exception <a 'java/lang/NoSuchMethodError': java.lang.Object.lambda$thenComparing$36697e65$1(Ljava/util/Comparator;Ljava/lang/Object;Ljava/lang/Object;)I> (0x00000000e37011e8) thrown at [D:\src\AOSP-openjdk-cygwin\jdk8u\hotspot\src\share\vm\interpreter\li
Event: 11.797 Thread 0x000000001adf4000 Exception <a 'java/lang/NoSuchMethodError': java.lang.Object.lambda$maxBy$1(Ljava/util/Comparator;Ljava/lang/Object;Ljava/lang/Object;)Ljava/lang/Object;> (0x00000000e384ebf8) thrown at [D:\src\AOSP-openjdk-cygwin\jdk8u\hotspot\src\share\vm\interpreter\li
Event: 11.948 Thread 0x000000001adf4000 Exception <a 'java/lang/ClassNotFoundException': org/gradle/api/plugins/BasePluginConventionBeanInfo> (0x00000000e3f35a88) thrown at [D:\src\AOSP-openjdk-cygwin\jdk8u\hotspot\src\share\vm\classfile\systemDictionary.cpp, line 210]
Event: 11.948 Thread 0x000000001adf4000 Exception <a 'java/lang/ClassNotFoundException': org/gradle/api/plugins/BasePluginConventionCustomizer> (0x00000000e3f5a418) thrown at [D:\src\AOSP-openjdk-cygwin\jdk8u\hotspot\src\share\vm\classfile\systemDictionary.cpp, line 210]
Event: 12.420 Thread 0x000000001adf4000 Exception <a 'java/lang/NoSuchMethodError': java.lang.Object.lambda$static$0(Ljava/util/Set;Ljava/util/Set;)Z> (0x00000000e082de40) thrown at [D:\src\AOSP-openjdk-cygwin\jdk8u\hotspot\src\share\vm\interpreter\linkResolver.cpp, line 584]
Event: 12.420 Thread 0x000000001adf4000 Exception <a 'java/lang/NoSuchMethodError': java.lang.Object.lambda$static$1(Ljava/util/Set;Ljava/util/Set;)Z> (0x00000000e08309e0) thrown at [D:\src\AOSP-openjdk-cygwin\jdk8u\hotspot\src\share\vm\interpreter\linkResolver.cpp, line 584]
Event: 12.420 Thread 0x000000001adf4000 Exception <a 'java/lang/NoSuchMethodError': java.lang.Object.lambda$static$2(Ljava/util/Set;Ljava/util/Set;)Z> (0x00000000e0833150) thrown at [D:\src\AOSP-openjdk-cygwin\jdk8u\hotspot\src\share\vm\interpreter\linkResolver.cpp, line 584]

Events (10 events):
Event: 12.566 loading class org/gradle/internal/operations/BuildOperationExecutor
Event: 12.566 loading class org/gradle/internal/operations/BuildOperationExecutor done
Event: 12.566 loading class org/gradle/internal/remote/internal/inet/InetAddressFactory
Event: 12.566 loading class org/gradle/internal/remote/internal/inet/InetAddressFactory done
Event: 12.569 loading class org/gradle/api/plugins/JavaBasePlugin$15
Event: 12.569 loading class org/gradle/api/plugins/JavaBasePlugin$15 done
Event: 12.570 loading class org/gradle/api/plugins/JavaBasePlugin$16
Event: 12.570 loading class org/gradle/api/plugins/JavaBasePlugin$16 done
Event: 12.570 loading class org/gradle/api/plugins/JavaBasePlugin$17
Event: 12.570 loading class org/gradle/api/plugins/JavaBasePlugin$17 done


Dynamic libraries:
0x00007ff6fe1b0000 - 0x00007ff6fe1e1000 	D:\Android Studio\jre\bin\java.exe
0x00007ff925bf0000 - 0x00007ff925dd1000 	C:\WINDOWS\SYSTEM32\ntdll.dll
0x00007ff9232f0000 - 0x00007ff9233a2000 	C:\WINDOWS\System32\KERNEL32.DLL
0x00007ff921fc0000 - 0x00007ff922233000 	C:\WINDOWS\System32\KERNELBASE.dll
0x00007ff923240000 - 0x00007ff9232e1000 	C:\WINDOWS\System32\ADVAPI32.dll
0x00007ff925750000 - 0x00007ff9257ee000 	C:\WINDOWS\System32\msvcrt.dll
0x00007ff9234b0000 - 0x00007ff92350b000 	C:\WINDOWS\System32\sechost.dll
0x00007ff925620000 - 0x00007ff925744000 	C:\WINDOWS\System32\RPCRT4.dll
0x00007ff9249e0000 - 0x00007ff924b70000 	C:\WINDOWS\System32\USER32.dll
0x00007ff922b20000 - 0x00007ff922b40000 	C:\WINDOWS\System32\win32u.dll
0x00007ff9257f0000 - 0x00007ff925818000 	C:\WINDOWS\System32\GDI32.dll
0x00007ff922ee0000 - 0x00007ff923072000 	C:\WINDOWS\System32\gdi32full.dll
0x00007ff922e40000 - 0x00007ff922edf000 	C:\WINDOWS\System32\msvcp_win.dll
0x00007ff922a20000 - 0x00007ff922b1a000 	C:\WINDOWS\System32\ucrtbase.dll
0x00007ff914a40000 - 0x00007ff914ca9000 	C:\WINDOWS\WinSxS\amd64_microsoft.windows.common-controls_6595b64144ccf1df_6.0.17134.345_none_fb429a5930656358\COMCTL32.dll
0x00007ff924d20000 - 0x00007ff925043000 	C:\WINDOWS\System32\combase.dll
0x00007ff922950000 - 0x00007ff9229ca000 	C:\WINDOWS\System32\bcryptPrimitives.dll
0x00007ff924cf0000 - 0x00007ff924d1d000 	C:\WINDOWS\System32\IMM32.DLL
0x0000000077c40000 - 0x0000000077d12000 	D:\Android Studio\jre\jre\bin\msvcr100.dll
0x00000000767e0000 - 0x0000000077021000 	D:\Android Studio\jre\jre\bin\server\jvm.dll
0x00007ff923590000 - 0x00007ff923598000 	C:\WINDOWS\System32\PSAPI.DLL
0x00007ff91c6a0000 - 0x00007ff91c6aa000 	C:\WINDOWS\SYSTEM32\VERSION.dll
0x00007ff91c400000 - 0x00007ff91c423000 	C:\WINDOWS\SYSTEM32\WINMM.dll
0x00007ff8fe0b0000 - 0x00007ff8fe0b9000 	C:\WINDOWS\SYSTEM32\WSOCK32.dll
0x00007ff91c3d0000 - 0x00007ff91c3fa000 	C:\WINDOWS\SYSTEM32\WINMMBASE.dll
0x00007ff9229d0000 - 0x00007ff922a19000 	C:\WINDOWS\System32\cfgmgr32.dll
0x00007ff925070000 - 0x00007ff9250dc000 	C:\WINDOWS\System32\WS2_32.dll
0x00007ff91ecc0000 - 0x00007ff91eccf000 	D:\Android Studio\jre\jre\bin\verify.dll
0x00007ff910a10000 - 0x00007ff910a39000 	D:\Android Studio\jre\jre\bin\java.dll
0x00007ff91daa0000 - 0x00007ff91dab6000 	D:\Android Studio\jre\jre\bin\zip.dll
0x00007ff9235a0000 - 0x00007ff9249df000 	C:\WINDOWS\System32\SHELL32.dll
0x00007ff925a90000 - 0x00007ff925b39000 	C:\WINDOWS\System32\shcore.dll
0x00007ff922240000 - 0x00007ff92294d000 	C:\WINDOWS\System32\windows.storage.dll
0x00007ff9233b0000 - 0x00007ff923401000 	C:\WINDOWS\System32\shlwapi.dll
0x00007ff921fa0000 - 0x00007ff921fb1000 	C:\WINDOWS\System32\kernel.appcore.dll
0x00007ff921f30000 - 0x00007ff921f4f000 	C:\WINDOWS\System32\profapi.dll
0x00007ff921f50000 - 0x00007ff921f9c000 	C:\WINDOWS\System32\powrprof.dll
0x00007ff921f00000 - 0x00007ff921f0a000 	C:\WINDOWS\System32\FLTLIB.DLL
0x00007ff91aee0000 - 0x00007ff91aefa000 	D:\Android Studio\jre\jre\bin\net.dll
0x00007ff921780000 - 0x00007ff9217e6000 	C:\WINDOWS\system32\mswsock.dll
0x00007ff911680000 - 0x00007ff911691000 	D:\Android Studio\jre\jre\bin\nio.dll
0x00007ff90e440000 - 0x00007ff90e45e000 	C:\Users\jeva\.gradle\native\25\windows-amd64\native-platform.dll
0x00007ff91ecb0000 - 0x00007ff91ecbd000 	D:\Android Studio\jre\jre\bin\management.dll
0x00007ff921930000 - 0x00007ff921947000 	C:\WINDOWS\SYSTEM32\CRYPTSP.dll
0x00007ff921360000 - 0x00007ff921393000 	C:\WINDOWS\system32\rsaenh.dll
0x00007ff921a60000 - 0x00007ff921a85000 	C:\WINDOWS\SYSTEM32\bcrypt.dll
0x00007ff921e00000 - 0x00007ff921e28000 	C:\WINDOWS\SYSTEM32\USERENV.dll
0x00007ff921950000 - 0x00007ff92195b000 	C:\WINDOWS\SYSTEM32\CRYPTBASE.dll
0x00007ff921500000 - 0x00007ff921538000 	C:\WINDOWS\SYSTEM32\IPHLPAPI.DLL
0x00007ff925050000 - 0x00007ff925058000 	C:\WINDOWS\System32\NSI.dll
0x00007ff91c530000 - 0x00007ff91c546000 	C:\WINDOWS\SYSTEM32\dhcpcsvc6.DLL
0x00007ff91cc70000 - 0x00007ff91cc8a000 	C:\WINDOWS\SYSTEM32\dhcpcsvc.DLL

VM Arguments:
jvm_args: -Xmx1536m -Dfile.encoding=windows-1252 -Duser.country=ID -Duser.language=en -Duser.variant 
java_command: org.gradle.launcher.daemon.bootstrap.GradleDaemon 4.6
java_class_path (initial): C:\Users\jeva\.gradle\wrapper\dists\gradle-4.6-all\bcst21l2brirad8k2ben1letg\gradle-4.6\lib\gradle-launcher-4.6.jar
Launcher Type: SUN_STANDARD

Environment Variables:
JAVA_HOME=C:\Program Files\Java\jdk1.8.0_60
PATH=C:\Program Files (x86)\Intel\iCLS Client\;C:\Program Files\Intel\iCLS Client\;C:\Windows\system32;C:\Windows;C:\Windows\System32\Wbem;C:\Windows\System32\WindowsPowerShell\v1.0\;C:\Program Files (x86)\Intel\Intel(R) Management Engine Components\DAL;C:\Program Files\Intel\Intel(R) Management Engine Components\DAL;C:\Program Files (x86)\Intel\Intel(R) Management Engine Components\IPT;C:\Program Files\Intel\Intel(R) Management Engine Components\IPT;C:\Program Files\Intel\WiFi\bin\;C:\Program Files\Common Files\Intel\WirelessCommon\;C:\Program Files (x86)\NVIDIA Corporation\PhysX\Common;C:\WINDOWS\system32;C:\WINDOWS;C:\WINDOWS\System32\Wbem;C:\WINDOWS\System32\WindowsPowerShell\v1.0\;C:\WINDOWS\System32\OpenSSH\;C:\Program Files\IBM\SPSS\Statistics\Subscription\JRE\bin;C:\Program Files\IBM\SPSS\Statistics\25\JRE\bin;D:\Git\cmd;C:\Program Files\TortoiseSVN\bin;C:\Program Files (x86)\GtkSharp\2.12\bin;C:\Users\jeva\AppData\Local\Microsoft\WindowsApps;C:\Program Files\Intel\WiFi\bin\;C:\Program Files\Common Files\Intel\WirelessCommon\;
USERNAME=jeva
OS=Windows_NT
PROCESSOR_IDENTIFIER=Intel64 Family 6 Model 158 Stepping 9, GenuineIntel



---------------  S Y S T E M  ---------------

OS: Windows 10.0 , 64 bit Build 17134 (10.0.17134.1)

CPU:total 8 (initial active 8) (4 cores per cpu, 2 threads per core) family 6 model 158 stepping 9, cmov, cx8, fxsr, mmx, sse, sse2, sse3, ssse3, sse4.1, sse4.2, popcnt, avx, avx2, aes, clmul, erms, 3dnowpref, lzcnt, ht, tsc, tscinvbit, bmi1, bmi2, adx

Memory: 4k page, physical 8304236k(456216k free), swap 23831568k(7532k free)

vm_info: OpenJDK 64-Bit Server VM (25.152-b06) for windows-amd64 JRE (1.8.0_152-release-1136-b06), built by "builder" with MS VC++ 10.0 (VS2010)

time: Wed Nov 14 09:08:46 2018
elapsed time: 12 seconds (0d 0h 0m 12s)

