#
# There is insufficient memory for the Java Runtime Environment to continue.
# Native memory allocation (malloc) failed to allocate 762096 bytes for Chunk::new
# Possible reasons:
#   The system is out of physical RAM or swap space
#   In 32 bit mode, the process size limit was hit
# Possible solutions:
#   Reduce memory load on the system
#   Increase physical memory or swap space
#   Check if swap backing store is full
#   Use 64 bit Java on a 64 bit OS
#   Decrease Java heap size (-Xmx/-Xms)
#   Decrease number of Java threads
#   Decrease Java thread stack sizes (-Xss)
#   Set larger code cache with -XX:ReservedCodeCacheSize=
# This output file may be truncated or incomplete.
#
#  Out of Memory Error (allocation.cpp:390), pid=8752, tid=0x00000000000028b0
#
# JRE version: OpenJDK Runtime Environment (8.0_152-b06) (build 1.8.0_152-release-1136-b06)
# Java VM: OpenJDK 64-Bit Server VM (25.152-b06 mixed mode windows-amd64 compressed oops)
# Failed to write core dump. Minidumps are not enabled by default on client versions of Windows
#

---------------  T H R E A D  ---------------

Current thread (0x0000000018f7d800):  JavaThread "C2 CompilerThread1" daemon [_thread_in_native, id=10416, stack(0x0000000019840000,0x0000000019940000)]

Stack: [0x0000000019840000,0x0000000019940000]
[error occurred during error reporting (printing stack bounds), id 0xc0000005]

Native frames: (J=compiled Java code, j=interpreted, Vv=VM code, C=native code)


Current CompileTask:
C2:   2667 1430   !   4       java.net.URLClassLoader$1::run (63 bytes)


---------------  P R O C E S S  ---------------

Java Threads: ( => current thread )
  0x000000001b40e800 JavaThread "Cache worker for file hash cache (D:\Project\New folder\.gradle\4.6\fileHashes)" [_thread_blocked, id=28872, stack(0x000000001da60000,0x000000001db60000)]
  0x000000001b1fb800 JavaThread "File lock request listener" [_thread_in_native, id=45476, stack(0x000000001d960000,0x000000001da60000)]
  0x000000001b1f2800 JavaThread "Cache worker for file hash cache (C:\Users\jeva\.gradle\caches\4.6\fileHashes)" [_thread_blocked, id=35512, stack(0x000000001d860000,0x000000001d960000)]
  0x000000001addd000 JavaThread "Stdin handler" [_thread_blocked, id=26300, stack(0x000000001c590000,0x000000001c690000)]
  0x000000001ade4800 JavaThread "Asynchronous log dispatcher for DefaultDaemonConnection: socket connection from /127.0.0.1:50137 to /127.0.0.1:50138" [_thread_blocked, id=18580, stack(0x000000001c390000,0x000000001c490000)]
  0x000000001ae1d800 JavaThread "Daemon worker" [_thread_in_Java, id=15460, stack(0x000000001c290000,0x000000001c390000)]
  0x000000001ae1b800 JavaThread "Cancel handler" [_thread_blocked, id=40504, stack(0x000000001c190000,0x000000001c290000)]
  0x000000001add1800 JavaThread "Handler for socket connection from /127.0.0.1:50137 to /127.0.0.1:50138" [_thread_in_native, id=27364, stack(0x000000001be90000,0x000000001bf90000)]
  0x000000001adca000 JavaThread "Daemon" [_thread_blocked, id=36140, stack(0x000000001bd90000,0x000000001be90000)]
  0x000000001ad79800 JavaThread "Daemon periodic checks" [_thread_blocked, id=4512, stack(0x000000001bc90000,0x000000001bd90000)]
  0x000000001acff800 JavaThread "Incoming local TCP Connector on port 50137" [_thread_in_native, id=24896, stack(0x000000001ba50000,0x000000001bb50000)]
  0x0000000019006000 JavaThread "Service Thread" daemon [_thread_blocked, id=30816, stack(0x0000000019b40000,0x0000000019c40000)]
  0x0000000018f83800 JavaThread "C1 CompilerThread3" daemon [_thread_blocked, id=42752, stack(0x0000000019a40000,0x0000000019b40000)]
  0x0000000018f7f000 JavaThread "C2 CompilerThread2" daemon [_thread_blocked, id=43272, stack(0x0000000019940000,0x0000000019a40000)]
=>0x0000000018f7d800 JavaThread "C2 CompilerThread1" daemon [_thread_in_native, id=10416, stack(0x0000000019840000,0x0000000019940000)]
  0x0000000018f7a000 JavaThread "C2 CompilerThread0" daemon [_thread_in_native, id=18960, stack(0x0000000019740000,0x0000000019840000)]
  0x0000000018f78800 JavaThread "Attach Listener" daemon [_thread_blocked, id=17120, stack(0x0000000019640000,0x0000000019740000)]
  0x0000000018f77800 JavaThread "Signal Dispatcher" daemon [_thread_blocked, id=7844, stack(0x0000000019540000,0x0000000019640000)]
  0x00000000032a9000 JavaThread "Finalizer" daemon [_thread_blocked, id=44508, stack(0x0000000019350000,0x0000000019450000)]
  0x000000001706b800 JavaThread "Reference Handler" daemon [_thread_blocked, id=42172, stack(0x0000000018e50000,0x0000000018f50000)]
  0x00000000030ad800 JavaThread "main" [_thread_blocked, id=40100, stack(0x00000000030b0000,0x00000000031b0000)]

Other Threads:
  0x0000000017067000 VMThread [stack: 0x0000000018d50000,0x0000000018e50000] [id=43160]
  0x0000000019007800 WatcherThread [stack: 0x0000000019c40000,0x0000000019d40000] [id=20680]

VM state:not at safepoint (normal execution)

VM Mutex/Monitor currently owned by a thread: None

Heap:
 PSYoungGen      total 38400K, used 18015K [0x00000000e0000000, 0x00000000e4b00000, 0x0000000100000000)
  eden space 33280K, 38% used [0x00000000e0000000,0x00000000e0c9c728,0x00000000e2080000)
  from space 5120K, 99% used [0x00000000e2080000,0x00000000e257b578,0x00000000e2580000)
  to   space 5120K, 0% used [0x00000000e4600000,0x00000000e4600000,0x00000000e4b00000)
 ParOldGen       total 87552K, used 2300K [0x00000000a0000000, 0x00000000a5580000, 0x00000000e0000000)
  object space 87552K, 2% used [0x00000000a0000000,0x00000000a023f198,0x00000000a5580000)
 Metaspace       used 15551K, capacity 15960K, committed 16256K, reserved 1062912K
  class space    used 2206K, capacity 2348K, committed 2432K, reserved 1048576K

Card table byte_map: [0x0000000012670000,0x0000000012980000] byte_map_base: 0x0000000012170000

Marking Bits: (ParMarkBitMap*) 0x0000000076fa5aa0
 Begin Bits: [0x0000000013380000, 0x0000000014b80000)
 End Bits:   [0x0000000014b80000, 0x0000000016380000)

Polling page: 0x0000000000df0000

CodeCache: size=245760Kb used=4939Kb max_used=4939Kb free=240820Kb
 bounds [0x00000000032b0000, 0x0000000003790000, 0x00000000122b0000]
 total_blobs=1812 nmethods=1439 adapters=286
 compilation: enabled

Compilation events (10 events):
Event: 2.593 Thread 0x0000000018f83800 1436       1       sun.misc.ProxyGenerator::access$800 (5 bytes)
Event: 2.594 Thread 0x0000000018f83800 nmethod 1436 0x000000000377fa10 code [0x000000000377fb60, 0x000000000377fc50]
Event: 2.594 Thread 0x0000000018f83800 1437       3       java.lang.Class::arrayContentsEq (70 bytes)
Event: 2.594 Thread 0x0000000018f83800 nmethod 1437 0x000000000377f2d0 code [0x000000000377f460, 0x000000000377f890]
Event: 2.594 Thread 0x0000000018f83800 1438       3       java.lang.StringBuilder::append (8 bytes)
Event: 2.594 Thread 0x0000000018f83800 nmethod 1438 0x000000000377ef50 code [0x000000000377f0c0, 0x000000000377f248]
Event: 2.594 Thread 0x0000000018f83800 1439       3       java.lang.AbstractStringBuilder::append (62 bytes)
Event: 2.595 Thread 0x0000000018f83800 nmethod 1439 0x0000000003782b50 code [0x0000000003782d40, 0x0000000003783678]
Event: 2.595 Thread 0x0000000018f83800 1440       3       sun.misc.ProxyGenerator::access$700 (7 bytes)
Event: 2.595 Thread 0x0000000018f83800 nmethod 1440 0x000000000377ead0 code [0x000000000377ec40, 0x000000000377ee28]

GC Heap History (6 events):
Event: 0.987 GC heap before
{Heap before GC invocations=1 (full 0):
 PSYoungGen      total 38400K, used 33280K [0x00000000e0000000, 0x00000000e2a80000, 0x0000000100000000)
  eden space 33280K, 100% used [0x00000000e0000000,0x00000000e2080000,0x00000000e2080000)
  from space 5120K, 0% used [0x00000000e2580000,0x00000000e2580000,0x00000000e2a80000)
  to   space 5120K, 0% used [0x00000000e2080000,0x00000000e2080000,0x00000000e2580000)
 ParOldGen       total 87552K, used 0K [0x00000000a0000000, 0x00000000a5580000, 0x00000000e0000000)
  object space 87552K, 0% used [0x00000000a0000000,0x00000000a0000000,0x00000000a5580000)
 Metaspace       used 6951K, capacity 7050K, committed 7168K, reserved 1056768K
  class space    used 845K, capacity 907K, committed 1024K, reserved 1048576K
Event: 0.994 GC heap after
Heap after GC invocations=1 (full 0):
 PSYoungGen      total 38400K, used 4333K [0x00000000e0000000, 0x00000000e2a80000, 0x0000000100000000)
  eden space 33280K, 0% used [0x00000000e0000000,0x00000000e0000000,0x00000000e2080000)
  from space 5120K, 84% used [0x00000000e2080000,0x00000000e24bb6b8,0x00000000e2580000)
  to   space 5120K, 0% used [0x00000000e2580000,0x00000000e2580000,0x00000000e2a80000)
 ParOldGen       total 87552K, used 8K [0x00000000a0000000, 0x00000000a5580000, 0x00000000e0000000)
  object space 87552K, 0% used [0x00000000a0000000,0x00000000a0002000,0x00000000a5580000)
 Metaspace       used 6951K, capacity 7050K, committed 7168K, reserved 1056768K
  class space    used 845K, capacity 907K, committed 1024K, reserved 1048576K
}
Event: 1.949 GC heap before
{Heap before GC invocations=2 (full 0):
 PSYoungGen      total 38400K, used 37613K [0x00000000e0000000, 0x00000000e2a80000, 0x0000000100000000)
  eden space 33280K, 100% used [0x00000000e0000000,0x00000000e2080000,0x00000000e2080000)
  from space 5120K, 84% used [0x00000000e2080000,0x00000000e24bb6b8,0x00000000e2580000)
  to   space 5120K, 0% used [0x00000000e2580000,0x00000000e2580000,0x00000000e2a80000)
 ParOldGen       total 87552K, used 8K [0x00000000a0000000, 0x00000000a5580000, 0x00000000e0000000)
  object space 87552K, 0% used [0x00000000a0000000,0x00000000a0002000,0x00000000a5580000)
 Metaspace       used 10856K, capacity 11076K, committed 11264K, reserved 1058816K
  class space    used 1429K, capacity 1518K, committed 1536K, reserved 1048576K
Event: 1.965 GC heap after
Heap after GC invocations=2 (full 0):
 PSYoungGen      total 38400K, used 5098K [0x00000000e0000000, 0x00000000e4b00000, 0x0000000100000000)
  eden space 33280K, 0% used [0x00000000e0000000,0x00000000e0000000,0x00000000e2080000)
  from space 5120K, 99% used [0x00000000e2580000,0x00000000e2a7aa40,0x00000000e2a80000)
  to   space 5120K, 0% used [0x00000000e2080000,0x00000000e2080000,0x00000000e2580000)
 ParOldGen       total 87552K, used 304K [0x00000000a0000000, 0x00000000a5580000, 0x00000000e0000000)
  object space 87552K, 0% used [0x00000000a0000000,0x00000000a004c050,0x00000000a5580000)
 Metaspace       used 10856K, capacity 11076K, committed 11264K, reserved 1058816K
  class space    used 1429K, capacity 1518K, committed 1536K, reserved 1048576K
}
Event: 2.406 GC heap before
{Heap before GC invocations=3 (full 0):
 PSYoungGen      total 38400K, used 38378K [0x00000000e0000000, 0x00000000e4b00000, 0x0000000100000000)
  eden space 33280K, 100% used [0x00000000e0000000,0x00000000e2080000,0x00000000e2080000)
  from space 5120K, 99% used [0x00000000e2580000,0x00000000e2a7aa40,0x00000000e2a80000)
  to   space 5120K, 0% used [0x00000000e2080000,0x00000000e2080000,0x00000000e2580000)
 ParOldGen       total 87552K, used 304K [0x00000000a0000000, 0x00000000a5580000, 0x00000000e0000000)
  object space 87552K, 0% used [0x00000000a0000000,0x00000000a004c050,0x00000000a5580000)
 Metaspace       used 14155K, capacity 14520K, committed 14720K, reserved 1062912K
  class space    used 1985K, capacity 2124K, committed 2176K, reserved 1048576K
Event: 2.414 GC heap after
Heap after GC invocations=3 (full 0):
 PSYoungGen      total 38400K, used 5101K [0x00000000e0000000, 0x00000000e4b00000, 0x0000000100000000)
  eden space 33280K, 0% used [0x00000000e0000000,0x00000000e0000000,0x00000000e2080000)
  from space 5120K, 99% used [0x00000000e2080000,0x00000000e257b578,0x00000000e2580000)
  to   space 5120K, 0% used [0x00000000e4600000,0x00000000e4600000,0x00000000e4b00000)
 ParOldGen       total 87552K, used 2300K [0x00000000a0000000, 0x00000000a5580000, 0x00000000e0000000)
  object space 87552K, 2% used [0x00000000a0000000,0x00000000a023f198,0x00000000a5580000)
 Metaspace       used 14155K, capacity 14520K, committed 14720K, reserved 1062912K
  class space    used 1985K, capacity 2124K, committed 2176K, reserved 1048576K
}

Deoptimization events (10 events):
Event: 2.031 Thread 0x000000001add1800 Uncommon trap: reason=unstable_if action=reinterpret pc=0x000000000369fefc method=java.util.concurrent.ConcurrentHashMap.putVal(Ljava/lang/Object;Ljava/lang/Object;Z)Ljava/lang/Object; @ 206
Event: 2.099 Thread 0x000000001ae1d800 Uncommon trap: reason=bimorphic action=maybe_recompile pc=0x00000000035e37e0 method=java.util.HashMap.putVal(ILjava/lang/Object;Ljava/lang/Object;ZZ)Ljava/lang/Object; @ 253
Event: 2.099 Thread 0x000000001ae1d800 Uncommon trap: reason=bimorphic action=maybe_recompile pc=0x00000000035e37e0 method=java.util.HashMap.putVal(ILjava/lang/Object;Ljava/lang/Object;ZZ)Ljava/lang/Object; @ 253
Event: 2.099 Thread 0x000000001ae1d800 Uncommon trap: reason=bimorphic action=maybe_recompile pc=0x00000000035e37e0 method=java.util.HashMap.putVal(ILjava/lang/Object;Ljava/lang/Object;ZZ)Ljava/lang/Object; @ 253
Event: 2.287 Thread 0x000000001ae1d800 Uncommon trap: reason=class_check action=maybe_recompile pc=0x0000000003553804 method=java.util.regex.Matcher.match(II)Z @ 86
Event: 2.287 Thread 0x000000001ae1d800 Uncommon trap: reason=class_check action=maybe_recompile pc=0x0000000003553804 method=java.util.regex.Matcher.match(II)Z @ 86
Event: 2.341 Thread 0x000000001ae1d800 Uncommon trap: reason=class_check action=maybe_recompile pc=0x000000000352ad9c method=java.util.regex.Matcher.match(II)Z @ 86
Event: 2.444 Thread 0x000000001ae1d800 Uncommon trap: reason=unstable_if action=reinterpret pc=0x00000000037153f4 method=java.lang.String.lastIndexOf([CII[CIII)I @ 66
Event: 2.502 Thread 0x000000001ae1d800 Uncommon trap: reason=unstable_if action=reinterpret pc=0x00000000034072c8 method=java.net.URI.match(CJJ)Z @ 19
Event: 2.502 Thread 0x000000001ae1d800 Uncommon trap: reason=unstable_if action=reinterpret pc=0x000000000355c700 method=java.net.URI.match(CJJ)Z @ 19

Classes redefined (0 events):
No events

Internal exceptions (10 events):
Event: 2.045 Thread 0x000000001add1800 Exception <a 'java/lang/NoSuchMethodError': <clinit>> (0x00000000e02759c0) thrown at [D:\src\AOSP-openjdk-cygwin\jdk8u\hotspot\src\share\vm\prims\jni.cpp, line 1613]
Event: 2.047 Thread 0x000000001add1800 Exception <a 'java/lang/NoSuchMethodError': <clinit>> (0x00000000e0287060) thrown at [D:\src\AOSP-openjdk-cygwin\jdk8u\hotspot\src\share\vm\prims\jni.cpp, line 1613]
Event: 2.060 Thread 0x000000001add1800 Exception <a 'java/lang/NoSuchMethodError': <clinit>> (0x00000000e02faa30) thrown at [D:\src\AOSP-openjdk-cygwin\jdk8u\hotspot\src\share\vm\prims\jni.cpp, line 1613]
Event: 2.063 Thread 0x000000001add1800 Exception <a 'java/lang/NoSuchMethodError': <clinit>> (0x00000000e031fc40) thrown at [D:\src\AOSP-openjdk-cygwin\jdk8u\hotspot\src\share\vm\prims\jni.cpp, line 1613]
Event: 2.067 Thread 0x000000001add1800 Exception <a 'java/lang/NoSuchMethodError': <clinit>> (0x00000000e034b6a8) thrown at [D:\src\AOSP-openjdk-cygwin\jdk8u\hotspot\src\share\vm\prims\jni.cpp, line 1613]
Event: 2.067 Thread 0x000000001add1800 Exception <a 'java/lang/NoSuchMethodError': <clinit>> (0x00000000e0356a48) thrown at [D:\src\AOSP-openjdk-cygwin\jdk8u\hotspot\src\share\vm\prims\jni.cpp, line 1613]
Event: 2.068 Thread 0x000000001add1800 Exception <a 'java/lang/NoSuchMethodError': <clinit>> (0x00000000e03622e8) thrown at [D:\src\AOSP-openjdk-cygwin\jdk8u\hotspot\src\share\vm\prims\jni.cpp, line 1613]
Event: 2.072 Thread 0x000000001add1800 Exception <a 'java/lang/NoSuchMethodError': <clinit>> (0x00000000e0387908) thrown at [D:\src\AOSP-openjdk-cygwin\jdk8u\hotspot\src\share\vm\prims\jni.cpp, line 1613]
Event: 2.087 Thread 0x000000001ae1d800 Exception <a 'java/lang/NoSuchMethodError': <clinit>> (0x00000000e04ec590) thrown at [D:\src\AOSP-openjdk-cygwin\jdk8u\hotspot\src\share\vm\prims\jni.cpp, line 1613]
Event: 2.088 Thread 0x000000001ae1d800 Exception <a 'java/lang/NoSuchMethodError': <clinit>> (0x00000000e04f4818) thrown at [D:\src\AOSP-openjdk-cygwin\jdk8u\hotspot\src\share\vm\prims\jni.cpp, line 1613]

Events (10 events):
Event: 2.637 loading class org/objectweb/asm/Item
Event: 2.637 loading class org/objectweb/asm/Item done
Event: 2.639 loading class org/gradle/api/internal/AsmBackedClassGenerator$ClassBuilderImpl$1
Event: 2.639 loading class org/gradle/api/internal/AsmBackedClassGenerator$ClassBuilderImpl$1 done
Event: 2.642 loading class org/objectweb/asm/Frame
Event: 2.642 loading class org/objectweb/asm/Frame done
Event: 2.643 loading class org/objectweb/asm/CurrentFrame
Event: 2.643 loading class org/objectweb/asm/CurrentFrame done
Event: 2.646 loading class org/objectweb/asm/Label
Event: 2.646 loading class org/objectweb/asm/Label done


Dynamic libraries:
0x00007ff6762c0000 - 0x00007ff6762f1000 	D:\Android Studio\jre\bin\java.exe
0x00007ff925bf0000 - 0x00007ff925dd1000 	C:\WINDOWS\SYSTEM32\ntdll.dll
0x00007ff9232f0000 - 0x00007ff9233a2000 	C:\WINDOWS\System32\KERNEL32.DLL
0x00007ff921fc0000 - 0x00007ff922233000 	C:\WINDOWS\System32\KERNELBASE.dll
0x00007ff923240000 - 0x00007ff9232e1000 	C:\WINDOWS\System32\ADVAPI32.dll
0x00007ff925750000 - 0x00007ff9257ee000 	C:\WINDOWS\System32\msvcrt.dll
0x00007ff9234b0000 - 0x00007ff92350b000 	C:\WINDOWS\System32\sechost.dll
0x00007ff925620000 - 0x00007ff925744000 	C:\WINDOWS\System32\RPCRT4.dll
0x00007ff9249e0000 - 0x00007ff924b70000 	C:\WINDOWS\System32\USER32.dll
0x00007ff922b20000 - 0x00007ff922b40000 	C:\WINDOWS\System32\win32u.dll
0x00007ff9257f0000 - 0x00007ff925818000 	C:\WINDOWS\System32\GDI32.dll
0x00007ff922ee0000 - 0x00007ff923072000 	C:\WINDOWS\System32\gdi32full.dll
0x00007ff922e40000 - 0x00007ff922edf000 	C:\WINDOWS\System32\msvcp_win.dll
0x00007ff922a20000 - 0x00007ff922b1a000 	C:\WINDOWS\System32\ucrtbase.dll
0x00007ff914a40000 - 0x00007ff914ca9000 	C:\WINDOWS\WinSxS\amd64_microsoft.windows.common-controls_6595b64144ccf1df_6.0.17134.345_none_fb429a5930656358\COMCTL32.dll
0x00007ff924d20000 - 0x00007ff925043000 	C:\WINDOWS\System32\combase.dll
0x00007ff922950000 - 0x00007ff9229ca000 	C:\WINDOWS\System32\bcryptPrimitives.dll
0x00007ff924cf0000 - 0x00007ff924d1d000 	C:\WINDOWS\System32\IMM32.DLL
0x0000000077c40000 - 0x0000000077d12000 	D:\Android Studio\jre\jre\bin\msvcr100.dll
0x00000000767e0000 - 0x0000000077021000 	D:\Android Studio\jre\jre\bin\server\jvm.dll
0x00007ff923590000 - 0x00007ff923598000 	C:\WINDOWS\System32\PSAPI.DLL
0x00007ff91c6a0000 - 0x00007ff91c6aa000 	C:\WINDOWS\SYSTEM32\VERSION.dll
0x00007ff8fe0b0000 - 0x00007ff8fe0b9000 	C:\WINDOWS\SYSTEM32\WSOCK32.dll
0x00007ff91c400000 - 0x00007ff91c423000 	C:\WINDOWS\SYSTEM32\WINMM.dll
0x00007ff925070000 - 0x00007ff9250dc000 	C:\WINDOWS\System32\WS2_32.dll
0x00007ff91c3d0000 - 0x00007ff91c3fa000 	C:\WINDOWS\SYSTEM32\winmmbase.dll
0x00007ff9229d0000 - 0x00007ff922a19000 	C:\WINDOWS\System32\cfgmgr32.dll
0x00007ff91c440000 - 0x00007ff91c44f000 	D:\Android Studio\jre\jre\bin\verify.dll
0x00007ff910b10000 - 0x00007ff910b39000 	D:\Android Studio\jre\jre\bin\java.dll
0x00007ff910b90000 - 0x00007ff910ba6000 	D:\Android Studio\jre\jre\bin\zip.dll
0x00007ff9235a0000 - 0x00007ff9249df000 	C:\WINDOWS\System32\SHELL32.dll
0x00007ff925a90000 - 0x00007ff925b39000 	C:\WINDOWS\System32\shcore.dll
0x00007ff922240000 - 0x00007ff92294d000 	C:\WINDOWS\System32\windows.storage.dll
0x00007ff9233b0000 - 0x00007ff923401000 	C:\WINDOWS\System32\shlwapi.dll
0x00007ff921fa0000 - 0x00007ff921fb1000 	C:\WINDOWS\System32\kernel.appcore.dll
0x00007ff921f30000 - 0x00007ff921f4f000 	C:\WINDOWS\System32\profapi.dll
0x00007ff921f50000 - 0x00007ff921f9c000 	C:\WINDOWS\System32\powrprof.dll
0x00007ff921f00000 - 0x00007ff921f0a000 	C:\WINDOWS\System32\FLTLIB.DLL
0x00007ff90e370000 - 0x00007ff90e38a000 	D:\Android Studio\jre\jre\bin\net.dll
0x00007ff921780000 - 0x00007ff9217e6000 	C:\WINDOWS\system32\mswsock.dll
0x00007ff90e310000 - 0x00007ff90e321000 	D:\Android Studio\jre\jre\bin\nio.dll
0x00007ff9109f0000 - 0x00007ff910a0e000 	C:\Users\jeva\.gradle\native\25\windows-amd64\native-platform.dll
0x00007ff917a20000 - 0x00007ff917a2d000 	D:\Android Studio\jre\jre\bin\management.dll
0x00007ff921930000 - 0x00007ff921947000 	C:\WINDOWS\SYSTEM32\CRYPTSP.dll
0x00007ff921360000 - 0x00007ff921393000 	C:\WINDOWS\system32\rsaenh.dll
0x00007ff921a60000 - 0x00007ff921a85000 	C:\WINDOWS\SYSTEM32\bcrypt.dll
0x00007ff921e00000 - 0x00007ff921e28000 	C:\WINDOWS\SYSTEM32\USERENV.dll
0x00007ff921950000 - 0x00007ff92195b000 	C:\WINDOWS\SYSTEM32\CRYPTBASE.dll
0x00007ff921500000 - 0x00007ff921538000 	C:\WINDOWS\SYSTEM32\IPHLPAPI.DLL
0x00007ff925050000 - 0x00007ff925058000 	C:\WINDOWS\System32\NSI.dll
0x00007ff91c530000 - 0x00007ff91c546000 	C:\WINDOWS\SYSTEM32\dhcpcsvc6.DLL
0x00007ff91cc70000 - 0x00007ff91cc8a000 	C:\WINDOWS\SYSTEM32\dhcpcsvc.DLL

VM Arguments:
jvm_args: -Xmx1536m -Dfile.encoding=windows-1252 -Duser.country=ID -Duser.language=en -Duser.variant 
java_command: org.gradle.launcher.daemon.bootstrap.GradleDaemon 4.6
java_class_path (initial): C:\Users\jeva\.gradle\wrapper\dists\gradle-4.6-all\bcst21l2brirad8k2ben1letg\gradle-4.6\lib\gradle-launcher-4.6.jar
Launcher Type: SUN_STANDARD

Environment Variables:
JAVA_HOME=C:\Program Files\Java\jdk1.8.0_60
PATH=C:\Program Files (x86)\Intel\iCLS Client\;C:\Program Files\Intel\iCLS Client\;C:\Windows\system32;C:\Windows;C:\Windows\System32\Wbem;C:\Windows\System32\WindowsPowerShell\v1.0\;C:\Program Files (x86)\Intel\Intel(R) Management Engine Components\DAL;C:\Program Files\Intel\Intel(R) Management Engine Components\DAL;C:\Program Files (x86)\Intel\Intel(R) Management Engine Components\IPT;C:\Program Files\Intel\Intel(R) Management Engine Components\IPT;C:\Program Files\Intel\WiFi\bin\;C:\Program Files\Common Files\Intel\WirelessCommon\;C:\Program Files (x86)\NVIDIA Corporation\PhysX\Common;C:\WINDOWS\system32;C:\WINDOWS;C:\WINDOWS\System32\Wbem;C:\WINDOWS\System32\WindowsPowerShell\v1.0\;C:\WINDOWS\System32\OpenSSH\;C:\Program Files\IBM\SPSS\Statistics\Subscription\JRE\bin;C:\Program Files\IBM\SPSS\Statistics\25\JRE\bin;D:\Git\cmd;C:\Program Files\TortoiseSVN\bin;C:\Program Files (x86)\GtkSharp\2.12\bin;C:\Users\jeva\AppData\Local\Microsoft\WindowsApps;C:\Program Files\Intel\WiFi\bin\;C:\Program Files\Common Files\Intel\WirelessCommon\;
USERNAME=jeva
OS=Windows_NT
PROCESSOR_IDENTIFIER=Intel64 Family 6 Model 158 Stepping 9, GenuineIntel



---------------  S Y S T E M  ---------------

OS: Windows 10.0 , 64 bit Build 17134 (10.0.17134.1)

CPU:total 8 (initial active 8) (4 cores per cpu, 2 threads per core) family 6 model 158 stepping 9, cmov, cx8, fxsr, mmx, sse, sse2, sse3, ssse3, sse4.1, sse4.2, popcnt, avx, avx2, aes, clmul, erms, 3dnowpref, lzcnt, ht, tsc, tscinvbit, bmi1, bmi2, adx

Memory: 4k page, physical 8304236k(490508k free), swap 23831568k(3164k free)

vm_info: OpenJDK 64-Bit Server VM (25.152-b06) for windows-amd64 JRE (1.8.0_152-release-1136-b06), built by "builder" with MS VC++ 10.0 (VS2010)

time: Tue Nov 13 22:26:35 2018
elapsed time: 2 seconds (0d 0h 0m 2s)

