#
# There is insufficient memory for the Java Runtime Environment to continue.
# Native memory allocation (malloc) failed to allocate 238736 bytes for Chunk::new
# Possible reasons:
#   The system is out of physical RAM or swap space
#   In 32 bit mode, the process size limit was hit
# Possible solutions:
#   Reduce memory load on the system
#   Increase physical memory or swap space
#   Check if swap backing store is full
#   Use 64 bit Java on a 64 bit OS
#   Decrease Java heap size (-Xmx/-Xms)
#   Decrease number of Java threads
#   Decrease Java thread stack sizes (-Xss)
#   Set larger code cache with -XX:ReservedCodeCacheSize=
# This output file may be truncated or incomplete.
#
#  Out of Memory Error (allocation.cpp:390), pid=14528, tid=0x0000000000007ee8
#
# JRE version: OpenJDK Runtime Environment (8.0_152-b06) (build 1.8.0_152-release-1136-b06)
# Java VM: OpenJDK 64-Bit Server VM (25.152-b06 mixed mode windows-amd64 compressed oops)
# Failed to write core dump. Minidumps are not enabled by default on client versions of Windows
#

---------------  T H R E A D  ---------------

Current thread (0x0000000018acb000):  JavaThread "C2 CompilerThread0" daemon [_thread_in_native, id=32488, stack(0x0000000019290000,0x0000000019390000)]

Stack: [0x0000000019290000,0x0000000019390000]
[error occurred during error reporting (printing stack bounds), id 0xc0000005]

Native frames: (J=compiled Java code, j=interpreted, Vv=VM code, C=native code)


Current CompileTask:
C2:   2667 1510       4       java.io.DataInputStream::readUTF (501 bytes)


---------------  P R O C E S S  ---------------

Java Threads: ( => current thread )
  0x000000001cbb9800 JavaThread "Cache worker for file hash cache (D:\Project\New folder\.gradle\4.6\fileHashes)" [_thread_blocked, id=9392, stack(0x000000001e580000,0x000000001e680000)]
  0x000000001c310000 JavaThread "File lock request listener" [_thread_in_native, id=20176, stack(0x000000001d4b0000,0x000000001d5b0000)]
  0x000000001ab54800 JavaThread "Cache worker for file hash cache (C:\Users\jeva\.gradle\caches\4.6\fileHashes)" [_thread_blocked, id=8996, stack(0x000000001d3b0000,0x000000001d4b0000)]
  0x000000001a9f7000 JavaThread "Stdin handler" [_thread_blocked, id=10008, stack(0x000000001c0e0000,0x000000001c1e0000)]
  0x000000001a9ee000 JavaThread "Asynchronous log dispatcher for DefaultDaemonConnection: socket connection from /127.0.0.1:50306 to /127.0.0.1:50307" [_thread_blocked, id=19064, stack(0x000000001bee0000,0x000000001bfe0000)]
  0x000000001a983000 JavaThread "Daemon worker" [_thread_in_Java, id=13520, stack(0x000000001bde0000,0x000000001bee0000)]
  0x000000001a9ff800 JavaThread "Cancel handler" [_thread_blocked, id=37256, stack(0x000000001bce0000,0x000000001bde0000)]
  0x000000001a968800 JavaThread "Handler for socket connection from /127.0.0.1:50306 to /127.0.0.1:50307" [_thread_in_native, id=20216, stack(0x000000001b9e0000,0x000000001bae0000)]
  0x000000001a966800 JavaThread "Daemon" [_thread_blocked, id=16440, stack(0x000000001b8e0000,0x000000001b9e0000)]
  0x000000001a954800 JavaThread "Daemon periodic checks" [_thread_blocked, id=44992, stack(0x000000001b7e0000,0x000000001b8e0000)]
  0x000000001a917000 JavaThread "Incoming local TCP Connector on port 50306" [_thread_in_native, id=16032, stack(0x000000001b5a0000,0x000000001b6a0000)]
  0x0000000018b60000 JavaThread "Service Thread" daemon [_thread_blocked, id=46624, stack(0x0000000019690000,0x0000000019790000)]
  0x0000000018ad4800 JavaThread "C1 CompilerThread3" daemon [_thread_in_vm, id=33832, stack(0x0000000019590000,0x0000000019690000)]
  0x0000000018ad0800 JavaThread "C2 CompilerThread2" daemon [_thread_in_native, id=30148, stack(0x0000000019490000,0x0000000019590000)]
  0x0000000018ace800 JavaThread "C2 CompilerThread1" daemon [_thread_in_native, id=40556, stack(0x0000000019390000,0x0000000019490000)]
=>0x0000000018acb000 JavaThread "C2 CompilerThread0" daemon [_thread_in_native, id=32488, stack(0x0000000019290000,0x0000000019390000)]
  0x0000000018aca000 JavaThread "Attach Listener" daemon [_thread_blocked, id=22328, stack(0x0000000019190000,0x0000000019290000)]
  0x0000000018ac9800 JavaThread "Signal Dispatcher" daemon [_thread_blocked, id=40776, stack(0x0000000019090000,0x0000000019190000)]
  0x0000000002e19000 JavaThread "Finalizer" daemon [_thread_blocked, id=6160, stack(0x0000000018ea0000,0x0000000018fa0000)]
  0x0000000002e18000 JavaThread "Reference Handler" daemon [_thread_blocked, id=25828, stack(0x00000000189a0000,0x0000000018aa0000)]
  0x0000000002d1d800 JavaThread "main" [_thread_blocked, id=21788, stack(0x0000000002b50000,0x0000000002c50000)]

Other Threads:
  0x0000000016bd8000 VMThread [stack: 0x00000000188a0000,0x00000000189a0000] [id=27276]
  0x0000000018b61000 WatcherThread [stack: 0x0000000019790000,0x0000000019890000] [id=3588]

VM state:not at safepoint (normal execution)

VM Mutex/Monitor currently owned by a thread: None

Heap:
 PSYoungGen      total 38400K, used 10528K [0x00000000e0000000, 0x00000000e4b00000, 0x0000000100000000)
  eden space 33280K, 16% used [0x00000000e0000000,0x00000000e054c2a8,0x00000000e2080000)
  from space 5120K, 99% used [0x00000000e2580000,0x00000000e2a7c050,0x00000000e2a80000)
  to   space 5120K, 0% used [0x00000000e2080000,0x00000000e2080000,0x00000000e2580000)
 ParOldGen       total 87552K, used 5557K [0x00000000a0000000, 0x00000000a5580000, 0x00000000e0000000)
  object space 87552K, 6% used [0x00000000a0000000,0x00000000a056d628,0x00000000a5580000)
 Metaspace       used 18030K, capacity 18348K, committed 18688K, reserved 1067008K
  class space    used 2594K, capacity 2698K, committed 2816K, reserved 1048576K

Card table byte_map: [0x00000000121e0000,0x00000000124f0000] byte_map_base: 0x0000000011ce0000

Marking Bits: (ParMarkBitMap*) 0x0000000076fa5aa0
 Begin Bits: [0x0000000012ef0000, 0x00000000146f0000)
 End Bits:   [0x00000000146f0000, 0x0000000015ef0000)

Polling page: 0x00000000009f0000

CodeCache: size=245760Kb used=5220Kb max_used=5220Kb free=240539Kb
 bounds [0x0000000002e20000, 0x0000000003340000, 0x0000000011e20000]
 total_blobs=1925 nmethods=1548 adapters=290
 compilation: enabled

Compilation events (10 events):
Event: 2.603 Thread 0x0000000018ad4800 nmethod 1507 0x0000000003326090 code [0x0000000003326200, 0x0000000003326550]
Event: 2.603 Thread 0x0000000018ad4800 1508       3       java.lang.Integer::hashCode (8 bytes)
Event: 2.603 Thread 0x0000000018acb000 1510       4       java.io.DataInputStream::readUTF (501 bytes)
Event: 2.603 Thread 0x0000000018ad4800 nmethod 1508 0x0000000003327390 code [0x00000000033274e0, 0x0000000003327690]
Event: 2.603 Thread 0x0000000018ad4800 1509       3       java.lang.Integer::hashCode (2 bytes)
Event: 2.603 Thread 0x0000000018ad4800 nmethod 1509 0x00000000033245d0 code [0x0000000003324720, 0x0000000003324850]
Event: 2.603 Thread 0x0000000018ad4800 1511       3       org.codehaus.groovy.reflection.GeneratedMetaMethod$DgmMethodRecord::<init> (5 bytes)
Event: 2.603 Thread 0x0000000018ad4800 nmethod 1511 0x0000000003325cd0 code [0x0000000003325e20, 0x0000000003325fd0]
Event: 2.614 Thread 0x0000000018ad4800 1513       1       java.lang.reflect.Constructor::getConstructorAccessor (5 bytes)
Event: 2.614 Thread 0x0000000018ad4800 nmethod 1513 0x0000000003325a10 code [0x0000000003325b60, 0x0000000003325c70]

GC Heap History (8 events):
Event: 0.762 GC heap before
{Heap before GC invocations=1 (full 0):
 PSYoungGen      total 38400K, used 33280K [0x00000000e0000000, 0x00000000e2a80000, 0x0000000100000000)
  eden space 33280K, 100% used [0x00000000e0000000,0x00000000e2080000,0x00000000e2080000)
  from space 5120K, 0% used [0x00000000e2580000,0x00000000e2580000,0x00000000e2a80000)
  to   space 5120K, 0% used [0x00000000e2080000,0x00000000e2080000,0x00000000e2580000)
 ParOldGen       total 87552K, used 0K [0x00000000a0000000, 0x00000000a5580000, 0x00000000e0000000)
  object space 87552K, 0% used [0x00000000a0000000,0x00000000a0000000,0x00000000a5580000)
 Metaspace       used 6951K, capacity 7050K, committed 7168K, reserved 1056768K
  class space    used 845K, capacity 907K, committed 1024K, reserved 1048576K
Event: 0.767 GC heap after
Heap after GC invocations=1 (full 0):
 PSYoungGen      total 38400K, used 4365K [0x00000000e0000000, 0x00000000e2a80000, 0x0000000100000000)
  eden space 33280K, 0% used [0x00000000e0000000,0x00000000e0000000,0x00000000e2080000)
  from space 5120K, 85% used [0x00000000e2080000,0x00000000e24c34c8,0x00000000e2580000)
  to   space 5120K, 0% used [0x00000000e2580000,0x00000000e2580000,0x00000000e2a80000)
 ParOldGen       total 87552K, used 8K [0x00000000a0000000, 0x00000000a5580000, 0x00000000e0000000)
  object space 87552K, 0% used [0x00000000a0000000,0x00000000a0002000,0x00000000a5580000)
 Metaspace       used 6951K, capacity 7050K, committed 7168K, reserved 1056768K
  class space    used 845K, capacity 907K, committed 1024K, reserved 1048576K
}
Event: 1.678 GC heap before
{Heap before GC invocations=2 (full 0):
 PSYoungGen      total 38400K, used 37645K [0x00000000e0000000, 0x00000000e2a80000, 0x0000000100000000)
  eden space 33280K, 100% used [0x00000000e0000000,0x00000000e2080000,0x00000000e2080000)
  from space 5120K, 85% used [0x00000000e2080000,0x00000000e24c34c8,0x00000000e2580000)
  to   space 5120K, 0% used [0x00000000e2580000,0x00000000e2580000,0x00000000e2a80000)
 ParOldGen       total 87552K, used 8K [0x00000000a0000000, 0x00000000a5580000, 0x00000000e0000000)
  object space 87552K, 0% used [0x00000000a0000000,0x00000000a0002000,0x00000000a5580000)
 Metaspace       used 10873K, capacity 11076K, committed 11264K, reserved 1058816K
  class space    used 1432K, capacity 1518K, committed 1536K, reserved 1048576K
Event: 1.682 GC heap after
Heap after GC invocations=2 (full 0):
 PSYoungGen      total 38400K, used 5100K [0x00000000e0000000, 0x00000000e2a80000, 0x0000000100000000)
  eden space 33280K, 0% used [0x00000000e0000000,0x00000000e0000000,0x00000000e2080000)
  from space 5120K, 99% used [0x00000000e2580000,0x00000000e2a7b1e8,0x00000000e2a80000)
  to   space 5120K, 0% used [0x00000000e2080000,0x00000000e2080000,0x00000000e2580000)
 ParOldGen       total 87552K, used 302K [0x00000000a0000000, 0x00000000a5580000, 0x00000000e0000000)
  object space 87552K, 0% used [0x00000000a0000000,0x00000000a004bbd0,0x00000000a5580000)
 Metaspace       used 10873K, capacity 11076K, committed 11264K, reserved 1058816K
  class space    used 1432K, capacity 1518K, committed 1536K, reserved 1048576K
}
Event: 2.080 GC heap before
{Heap before GC invocations=3 (full 0):
 PSYoungGen      total 38400K, used 38380K [0x00000000e0000000, 0x00000000e2a80000, 0x0000000100000000)
  eden space 33280K, 100% used [0x00000000e0000000,0x00000000e2080000,0x00000000e2080000)
  from space 5120K, 99% used [0x00000000e2580000,0x00000000e2a7b1e8,0x00000000e2a80000)
  to   space 5120K, 0% used [0x00000000e2080000,0x00000000e2080000,0x00000000e2580000)
 ParOldGen       total 87552K, used 302K [0x00000000a0000000, 0x00000000a5580000, 0x00000000e0000000)
  object space 87552K, 0% used [0x00000000a0000000,0x00000000a004bbd0,0x00000000a5580000)
 Metaspace       used 14158K, capacity 14478K, committed 14720K, reserved 1062912K
  class space    used 1986K, capacity 2117K, committed 2176K, reserved 1048576K
Event: 2.085 GC heap after
Heap after GC invocations=3 (full 0):
 PSYoungGen      total 38400K, used 5095K [0x00000000e0000000, 0x00000000e2a80000, 0x0000000100000000)
  eden space 33280K, 0% used [0x00000000e0000000,0x00000000e0000000,0x00000000e2080000)
  from space 5120K, 99% used [0x00000000e2080000,0x00000000e2579d88,0x00000000e2580000)
  to   space 5120K, 0% used [0x00000000e2580000,0x00000000e2580000,0x00000000e2a80000)
 ParOldGen       total 87552K, used 2308K [0x00000000a0000000, 0x00000000a5580000, 0x00000000e0000000)
  object space 87552K, 2% used [0x00000000a0000000,0x00000000a0241030,0x00000000a5580000)
 Metaspace       used 14158K, capacity 14478K, committed 14720K, reserved 1062912K
  class space    used 1986K, capacity 2117K, committed 2176K, reserved 1048576K
}
Event: 2.555 GC heap before
{Heap before GC invocations=4 (full 0):
 PSYoungGen      total 38400K, used 38375K [0x00000000e0000000, 0x00000000e2a80000, 0x0000000100000000)
  eden space 33280K, 100% used [0x00000000e0000000,0x00000000e2080000,0x00000000e2080000)
  from space 5120K, 99% used [0x00000000e2080000,0x00000000e2579d88,0x00000000e2580000)
  to   space 5120K, 0% used [0x00000000e2580000,0x00000000e2580000,0x00000000e2a80000)
 ParOldGen       total 87552K, used 2308K [0x00000000a0000000, 0x00000000a5580000, 0x00000000e0000000)
  object space 87552K, 2% used [0x00000000a0000000,0x00000000a0241030,0x00000000a5580000)
 Metaspace       used 17465K, capacity 17836K, committed 18048K, reserved 1064960K
  class space    used 2510K, capacity 2634K, committed 2688K, reserved 1048576K
Event: 2.563 GC heap after
Heap after GC invocations=4 (full 0):
 PSYoungGen      total 38400K, used 5104K [0x00000000e0000000, 0x00000000e4b00000, 0x0000000100000000)
  eden space 33280K, 0% used [0x00000000e0000000,0x00000000e0000000,0x00000000e2080000)
  from space 5120K, 99% used [0x00000000e2580000,0x00000000e2a7c050,0x00000000e2a80000)
  to   space 5120K, 0% used [0x00000000e2080000,0x00000000e2080000,0x00000000e2580000)
 ParOldGen       total 87552K, used 5557K [0x00000000a0000000, 0x00000000a5580000, 0x00000000e0000000)
  object space 87552K, 6% used [0x00000000a0000000,0x00000000a056d628,0x00000000a5580000)
 Metaspace       used 17465K, capacity 17836K, committed 18048K, reserved 1064960K
  class space    used 2510K, capacity 2634K, committed 2688K, reserved 1048576K
}

Deoptimization events (10 events):
Event: 1.852 Thread 0x000000001a983000 Uncommon trap: reason=bimorphic action=maybe_recompile pc=0x000000000315777c method=java.util.HashMap.putVal(ILjava/lang/Object;Ljava/lang/Object;ZZ)Ljava/lang/Object; @ 253
Event: 1.853 Thread 0x000000001a983000 Uncommon trap: reason=bimorphic action=maybe_recompile pc=0x000000000315777c method=java.util.HashMap.putVal(ILjava/lang/Object;Ljava/lang/Object;ZZ)Ljava/lang/Object; @ 253
Event: 1.853 Thread 0x000000001a983000 Uncommon trap: reason=bimorphic action=maybe_recompile pc=0x000000000315777c method=java.util.HashMap.putVal(ILjava/lang/Object;Ljava/lang/Object;ZZ)Ljava/lang/Object; @ 253
Event: 1.999 Thread 0x000000001a983000 Uncommon trap: reason=class_check action=maybe_recompile pc=0x00000000030bfe84 method=java.util.regex.Matcher.match(II)Z @ 86
Event: 2.000 Thread 0x000000001a983000 Uncommon trap: reason=class_check action=maybe_recompile pc=0x00000000030bfe84 method=java.util.regex.Matcher.match(II)Z @ 86
Event: 2.044 Thread 0x000000001a983000 Uncommon trap: reason=class_check action=maybe_recompile pc=0x000000000309175c method=java.util.regex.Matcher.match(II)Z @ 86
Event: 2.099 Thread 0x000000001a983000 Uncommon trap: reason=unstable_if action=reinterpret pc=0x000000000327cef4 method=java.lang.String.lastIndexOf([CII[CIII)I @ 66
Event: 2.139 Thread 0x000000001a983000 Uncommon trap: reason=unstable_if action=reinterpret pc=0x0000000002f78c48 method=java.net.URI.match(CJJ)Z @ 19
Event: 2.140 Thread 0x000000001a983000 Uncommon trap: reason=unstable_if action=reinterpret pc=0x00000000030c8a00 method=java.net.URI.match(CJJ)Z @ 19
Event: 2.431 Thread 0x000000001a983000 Uncommon trap: reason=unstable_if action=reinterpret pc=0x00000000030bc940 method=java.io.File.getName()Ljava/lang/String; @ 16

Classes redefined (0 events):
No events

Internal exceptions (10 events):
Event: 1.812 Thread 0x000000001a968800 Exception <a 'java/lang/NoSuchMethodError': <clinit>> (0x00000000e02c7340) thrown at [D:\src\AOSP-openjdk-cygwin\jdk8u\hotspot\src\share\vm\prims\jni.cpp, line 1613]
Event: 1.812 Thread 0x000000001a968800 Exception <a 'java/lang/NoSuchMethodError': <clinit>> (0x00000000e02d26e0) thrown at [D:\src\AOSP-openjdk-cygwin\jdk8u\hotspot\src\share\vm\prims\jni.cpp, line 1613]
Event: 1.813 Thread 0x000000001a968800 Exception <a 'java/lang/NoSuchMethodError': <clinit>> (0x00000000e02de5d0) thrown at [D:\src\AOSP-openjdk-cygwin\jdk8u\hotspot\src\share\vm\prims\jni.cpp, line 1613]
Event: 1.816 Thread 0x000000001a968800 Exception <a 'java/lang/NoSuchMethodError': <clinit>> (0x00000000e0303c10) thrown at [D:\src\AOSP-openjdk-cygwin\jdk8u\hotspot\src\share\vm\prims\jni.cpp, line 1613]
Event: 1.832 Thread 0x000000001a983000 Exception <a 'java/lang/NoSuchMethodError': <clinit>> (0x00000000e044f5f8) thrown at [D:\src\AOSP-openjdk-cygwin\jdk8u\hotspot\src\share\vm\prims\jni.cpp, line 1613]
Event: 1.833 Thread 0x000000001a983000 Exception <a 'java/lang/NoSuchMethodError': <clinit>> (0x00000000e0457a50) thrown at [D:\src\AOSP-openjdk-cygwin\jdk8u\hotspot\src\share\vm\prims\jni.cpp, line 1613]
Event: 2.462 Thread 0x000000001a983000 Exception <a 'java/lang/NoSuchMethodError': <clinit>> (0x00000000e19d8740) thrown at [D:\src\AOSP-openjdk-cygwin\jdk8u\hotspot\src\share\vm\prims\jni.cpp, line 1613]
Event: 2.462 Thread 0x000000001a983000 Exception <a 'java/lang/NoSuchMethodError': <clinit>> (0x00000000e19db0e0) thrown at [D:\src\AOSP-openjdk-cygwin\jdk8u\hotspot\src\share\vm\prims\jni.cpp, line 1613]
Event: 2.463 Thread 0x000000001a983000 Exception <a 'java/lang/NoSuchMethodError': <clinit>> (0x00000000e19e86d0) thrown at [D:\src\AOSP-openjdk-cygwin\jdk8u\hotspot\src\share\vm\prims\jni.cpp, line 1613]
Event: 2.463 Thread 0x000000001a983000 Exception <a 'java/lang/NoSuchMethodError': <clinit>> (0x00000000e19f3e50) thrown at [D:\src\AOSP-openjdk-cygwin\jdk8u\hotspot\src\share\vm\prims\jni.cpp, line 1613]

Events (10 events):
Event: 2.624 loading class org/codehaus/groovy/util/ReferenceType$WeakRef done
Event: 2.625 loading class java/security/AccessControlException
Event: 2.625 loading class java/security/AccessControlException done
Event: 2.625 Executing VM operation: Deoptimize
Event: 2.625 Executing VM operation: Deoptimize done
Event: 2.625 loading class org/codehaus/groovy/util/ReferenceType$SoftRef
Event: 2.625 loading class org/codehaus/groovy/util/ReferenceType$SoftRef done
Event: 2.626 loading class org/codehaus/groovy/transform/trait/Traits$Implemented
Event: 2.626 loading class org/codehaus/groovy/transform/trait/Traits$Implemented done
Event: 2.626 loading class java/util/stream/IntStream


Dynamic libraries:
0x00007ff6762c0000 - 0x00007ff6762f1000 	D:\Android Studio\jre\bin\java.exe
0x00007ff925bf0000 - 0x00007ff925dd1000 	C:\WINDOWS\SYSTEM32\ntdll.dll
0x00007ff9232f0000 - 0x00007ff9233a2000 	C:\WINDOWS\System32\KERNEL32.DLL
0x00007ff921fc0000 - 0x00007ff922233000 	C:\WINDOWS\System32\KERNELBASE.dll
0x00007ff923240000 - 0x00007ff9232e1000 	C:\WINDOWS\System32\ADVAPI32.dll
0x00007ff925750000 - 0x00007ff9257ee000 	C:\WINDOWS\System32\msvcrt.dll
0x00007ff9234b0000 - 0x00007ff92350b000 	C:\WINDOWS\System32\sechost.dll
0x00007ff925620000 - 0x00007ff925744000 	C:\WINDOWS\System32\RPCRT4.dll
0x00007ff9249e0000 - 0x00007ff924b70000 	C:\WINDOWS\System32\USER32.dll
0x00007ff922b20000 - 0x00007ff922b40000 	C:\WINDOWS\System32\win32u.dll
0x00007ff9257f0000 - 0x00007ff925818000 	C:\WINDOWS\System32\GDI32.dll
0x00007ff922ee0000 - 0x00007ff923072000 	C:\WINDOWS\System32\gdi32full.dll
0x00007ff922e40000 - 0x00007ff922edf000 	C:\WINDOWS\System32\msvcp_win.dll
0x00007ff922a20000 - 0x00007ff922b1a000 	C:\WINDOWS\System32\ucrtbase.dll
0x00007ff914a40000 - 0x00007ff914ca9000 	C:\WINDOWS\WinSxS\amd64_microsoft.windows.common-controls_6595b64144ccf1df_6.0.17134.345_none_fb429a5930656358\COMCTL32.dll
0x00007ff924d20000 - 0x00007ff925043000 	C:\WINDOWS\System32\combase.dll
0x00007ff922950000 - 0x00007ff9229ca000 	C:\WINDOWS\System32\bcryptPrimitives.dll
0x00007ff924cf0000 - 0x00007ff924d1d000 	C:\WINDOWS\System32\IMM32.DLL
0x0000000077c40000 - 0x0000000077d12000 	D:\Android Studio\jre\jre\bin\msvcr100.dll
0x00000000767e0000 - 0x0000000077021000 	D:\Android Studio\jre\jre\bin\server\jvm.dll
0x00007ff923590000 - 0x00007ff923598000 	C:\WINDOWS\System32\PSAPI.DLL
0x00007ff91c6a0000 - 0x00007ff91c6aa000 	C:\WINDOWS\SYSTEM32\VERSION.dll
0x00007ff91c400000 - 0x00007ff91c423000 	C:\WINDOWS\SYSTEM32\WINMM.dll
0x00007ff8fe0b0000 - 0x00007ff8fe0b9000 	C:\WINDOWS\SYSTEM32\WSOCK32.dll
0x00007ff925070000 - 0x00007ff9250dc000 	C:\WINDOWS\System32\WS2_32.dll
0x00007ff91c3d0000 - 0x00007ff91c3fa000 	C:\WINDOWS\SYSTEM32\WINMMBASE.dll
0x00007ff9229d0000 - 0x00007ff922a19000 	C:\WINDOWS\System32\cfgmgr32.dll
0x00007ff91c440000 - 0x00007ff91c44f000 	D:\Android Studio\jre\jre\bin\verify.dll
0x00007ff910b10000 - 0x00007ff910b39000 	D:\Android Studio\jre\jre\bin\java.dll
0x00007ff910b90000 - 0x00007ff910ba6000 	D:\Android Studio\jre\jre\bin\zip.dll
0x00007ff9235a0000 - 0x00007ff9249df000 	C:\WINDOWS\System32\SHELL32.dll
0x00007ff925a90000 - 0x00007ff925b39000 	C:\WINDOWS\System32\shcore.dll
0x00007ff922240000 - 0x00007ff92294d000 	C:\WINDOWS\System32\windows.storage.dll
0x00007ff9233b0000 - 0x00007ff923401000 	C:\WINDOWS\System32\shlwapi.dll
0x00007ff921fa0000 - 0x00007ff921fb1000 	C:\WINDOWS\System32\kernel.appcore.dll
0x00007ff921f30000 - 0x00007ff921f4f000 	C:\WINDOWS\System32\profapi.dll
0x00007ff921f50000 - 0x00007ff921f9c000 	C:\WINDOWS\System32\powrprof.dll
0x00007ff921f00000 - 0x00007ff921f0a000 	C:\WINDOWS\System32\FLTLIB.DLL
0x00007ff90e370000 - 0x00007ff90e38a000 	D:\Android Studio\jre\jre\bin\net.dll
0x00007ff921780000 - 0x00007ff9217e6000 	C:\WINDOWS\system32\mswsock.dll
0x00007ff90e310000 - 0x00007ff90e321000 	D:\Android Studio\jre\jre\bin\nio.dll
0x00007ff9109f0000 - 0x00007ff910a0e000 	C:\Users\jeva\.gradle\native\25\windows-amd64\native-platform.dll
0x00007ff917a20000 - 0x00007ff917a2d000 	D:\Android Studio\jre\jre\bin\management.dll
0x00007ff921930000 - 0x00007ff921947000 	C:\WINDOWS\SYSTEM32\CRYPTSP.dll
0x00007ff921360000 - 0x00007ff921393000 	C:\WINDOWS\system32\rsaenh.dll
0x00007ff921a60000 - 0x00007ff921a85000 	C:\WINDOWS\SYSTEM32\bcrypt.dll
0x00007ff921e00000 - 0x00007ff921e28000 	C:\WINDOWS\SYSTEM32\USERENV.dll
0x00007ff921950000 - 0x00007ff92195b000 	C:\WINDOWS\SYSTEM32\CRYPTBASE.dll
0x00007ff921500000 - 0x00007ff921538000 	C:\WINDOWS\SYSTEM32\IPHLPAPI.DLL
0x00007ff925050000 - 0x00007ff925058000 	C:\WINDOWS\System32\NSI.dll
0x00007ff91c530000 - 0x00007ff91c546000 	C:\WINDOWS\SYSTEM32\dhcpcsvc6.DLL
0x00007ff91cc70000 - 0x00007ff91cc8a000 	C:\WINDOWS\SYSTEM32\dhcpcsvc.DLL

VM Arguments:
jvm_args: -Xmx1536m -Dfile.encoding=windows-1252 -Duser.country=ID -Duser.language=en -Duser.variant 
java_command: org.gradle.launcher.daemon.bootstrap.GradleDaemon 4.6
java_class_path (initial): C:\Users\jeva\.gradle\wrapper\dists\gradle-4.6-all\bcst21l2brirad8k2ben1letg\gradle-4.6\lib\gradle-launcher-4.6.jar
Launcher Type: SUN_STANDARD

Environment Variables:
JAVA_HOME=C:\Program Files\Java\jdk1.8.0_60
PATH=C:\Program Files (x86)\Intel\iCLS Client\;C:\Program Files\Intel\iCLS Client\;C:\Windows\system32;C:\Windows;C:\Windows\System32\Wbem;C:\Windows\System32\WindowsPowerShell\v1.0\;C:\Program Files (x86)\Intel\Intel(R) Management Engine Components\DAL;C:\Program Files\Intel\Intel(R) Management Engine Components\DAL;C:\Program Files (x86)\Intel\Intel(R) Management Engine Components\IPT;C:\Program Files\Intel\Intel(R) Management Engine Components\IPT;C:\Program Files\Intel\WiFi\bin\;C:\Program Files\Common Files\Intel\WirelessCommon\;C:\Program Files (x86)\NVIDIA Corporation\PhysX\Common;C:\WINDOWS\system32;C:\WINDOWS;C:\WINDOWS\System32\Wbem;C:\WINDOWS\System32\WindowsPowerShell\v1.0\;C:\WINDOWS\System32\OpenSSH\;C:\Program Files\IBM\SPSS\Statistics\Subscription\JRE\bin;C:\Program Files\IBM\SPSS\Statistics\25\JRE\bin;D:\Git\cmd;C:\Program Files\TortoiseSVN\bin;C:\Program Files (x86)\GtkSharp\2.12\bin;C:\Users\jeva\AppData\Local\Microsoft\WindowsApps;C:\Program Files\Intel\WiFi\bin\;C:\Program Files\Common Files\Intel\WirelessCommon\;
USERNAME=jeva
OS=Windows_NT
PROCESSOR_IDENTIFIER=Intel64 Family 6 Model 158 Stepping 9, GenuineIntel



---------------  S Y S T E M  ---------------

OS: Windows 10.0 , 64 bit Build 17134 (10.0.17134.1)

CPU:total 8 (initial active 8) (4 cores per cpu, 2 threads per core) family 6 model 158 stepping 9, cmov, cx8, fxsr, mmx, sse, sse2, sse3, ssse3, sse4.1, sse4.2, popcnt, avx, avx2, aes, clmul, erms, 3dnowpref, lzcnt, ht, tsc, tscinvbit, bmi1, bmi2, adx

Memory: 4k page, physical 8304236k(504560k free), swap 23831568k(3296k free)

vm_info: OpenJDK 64-Bit Server VM (25.152-b06) for windows-amd64 JRE (1.8.0_152-release-1136-b06), built by "builder" with MS VC++ 10.0 (VS2010)

time: Tue Nov 13 22:27:51 2018
elapsed time: 2 seconds (0d 0h 0m 2s)

